2021-09-07 11:38:40,148 ERROR You're accessing the development server over HTTPS, but it only supports HTTP.
 C:\Python38\lib\site-packages\django\core\servers\basehttp.py None
2021-09-07 11:38:40,150 ERROR You're accessing the development server over HTTPS, but it only supports HTTP.
 C:\Python38\lib\site-packages\django\core\servers\basehttp.py None
2021-09-07 11:58:16,215 ERROR You're accessing the development server over HTTPS, but it only supports HTTP.
 C:\Python38\lib\site-packages\django\core\servers\basehttp.py None
2021-09-07 11:58:16,216 ERROR You're accessing the development server over HTTPS, but it only supports HTTP.
 C:\Python38\lib\site-packages\django\core\servers\basehttp.py None
2021-09-07 11:58:16,223 ERROR You're accessing the development server over HTTPS, but it only supports HTTP.
 C:\Python38\lib\site-packages\django\core\servers\basehttp.py None
2021-09-07 11:58:16,225 ERROR You're accessing the development server over HTTPS, but it only supports HTTP.
 C:\Python38\lib\site-packages\django\core\servers\basehttp.py None
2021-09-07 11:58:30,596 ERROR You're accessing the development server over HTTPS, but it only supports HTTP.
 C:\Python38\lib\site-packages\django\core\servers\basehttp.py None
2021-09-07 11:58:30,599 ERROR You're accessing the development server over HTTPS, but it only supports HTTP.
 C:\Python38\lib\site-packages\django\core\servers\basehttp.py None
2021-09-07 11:58:30,601 ERROR You're accessing the development server over HTTPS, but it only supports HTTP.
 C:\Python38\lib\site-packages\django\core\servers\basehttp.py None
2021-09-07 11:58:30,602 ERROR You're accessing the development server over HTTPS, but it only supports HTTP.
 C:\Python38\lib\site-packages\django\core\servers\basehttp.py None
2021-09-07 11:58:33,206 ERROR You're accessing the development server over HTTPS, but it only supports HTTP.
 C:\Python38\lib\site-packages\django\core\servers\basehttp.py None
2021-09-07 11:58:33,206 ERROR You're accessing the development server over HTTPS, but it only supports HTTP.
 C:\Python38\lib\site-packages\django\core\servers\basehttp.py None
2021-09-07 11:58:33,206 ERROR You're accessing the development server over HTTPS, but it only supports HTTP.
 C:\Python38\lib\site-packages\django\core\servers\basehttp.py None
2021-09-07 11:58:33,223 ERROR You're accessing the development server over HTTPS, but it only supports HTTP.
 C:\Python38\lib\site-packages\django\core\servers\basehttp.py None
2021-09-07 12:14:04,271 ERROR You're accessing the development server over HTTPS, but it only supports HTTP.
 C:\Python38\lib\site-packages\django\core\servers\basehttp.py None
2021-09-07 12:14:04,274 ERROR You're accessing the development server over HTTPS, but it only supports HTTP.
 C:\Python38\lib\site-packages\django\core\servers\basehttp.py None
2021-09-07 12:18:36,560 ERROR You're accessing the development server over HTTPS, but it only supports HTTP.
 C:\Python38\lib\site-packages\django\core\servers\basehttp.py None
2021-09-07 12:18:36,561 ERROR You're accessing the development server over HTTPS, but it only supports HTTP.
 C:\Python38\lib\site-packages\django\core\servers\basehttp.py None
2021-09-07 12:18:36,562 ERROR You're accessing the development server over HTTPS, but it only supports HTTP.
 C:\Python38\lib\site-packages\django\core\servers\basehttp.py None
2021-09-07 12:18:36,563 ERROR You're accessing the development server over HTTPS, but it only supports HTTP.
 C:\Python38\lib\site-packages\django\core\servers\basehttp.py None
2021-09-07 12:53:04,965 ERROR You're accessing the development server over HTTPS, but it only supports HTTP.
 C:\Python38\lib\site-packages\django\core\servers\basehttp.py None
2021-09-07 12:53:04,965 ERROR You're accessing the development server over HTTPS, but it only supports HTTP.
 C:\Python38\lib\site-packages\django\core\servers\basehttp.py None
2021-09-07 12:53:04,965 ERROR You're accessing the development server over HTTPS, but it only supports HTTP.
 C:\Python38\lib\site-packages\django\core\servers\basehttp.py None
2021-09-07 12:53:04,965 ERROR You're accessing the development server over HTTPS, but it only supports HTTP.
 C:\Python38\lib\site-packages\django\core\servers\basehttp.py None
2021-09-07 12:53:35,645 ERROR You're accessing the development server over HTTPS, but it only supports HTTP.
 C:\Python38\lib\site-packages\django\core\servers\basehttp.py None
2021-09-07 12:53:35,660 ERROR You're accessing the development server over HTTPS, but it only supports HTTP.
 C:\Python38\lib\site-packages\django\core\servers\basehttp.py None
2021-09-07 12:53:35,664 ERROR You're accessing the development server over HTTPS, but it only supports HTTP.
 C:\Python38\lib\site-packages\django\core\servers\basehttp.py None
2021-09-07 12:53:35,667 ERROR You're accessing the development server over HTTPS, but it only supports HTTP.
 C:\Python38\lib\site-packages\django\core\servers\basehttp.py None
2021-09-07 12:54:04,042 ERROR You're accessing the development server over HTTPS, but it only supports HTTP.
 C:\Python38\lib\site-packages\django\core\servers\basehttp.py None
2021-09-07 12:54:04,045 ERROR You're accessing the development server over HTTPS, but it only supports HTTP.
 C:\Python38\lib\site-packages\django\core\servers\basehttp.py None
2021-09-08 15:15:23,238 ERROR Internal Server Error: /admin/flatpages/flatpage/add/ C:\Python38\lib\site-packages\django\utils\log.py (<class 'django.core.exceptions.FieldError'>, FieldError('Unknown field(s) (site) specified for FlatPage. Check fields/fieldsets/exclude attributes of class FlatPageAdmin.'), <traceback object at 0x0000026731D88800>)
Traceback (most recent call last):
  File "C:\Python38\lib\site-packages\django\contrib\admin\options.py", line 709, in get_form
    return modelform_factory(self.model, **defaults)
  File "C:\Python38\lib\site-packages\django\forms\models.py", line 555, in modelform_factory
    return type(form)(class_name, (form,), form_class_attrs)
  File "C:\Python38\lib\site-packages\django\forms\models.py", line 268, in __new__
    raise FieldError(message)
django.core.exceptions.FieldError: Unknown field(s) (site) specified for FlatPage

During handling of the above exception, another exception occurred:

Traceback (most recent call last):
  File "C:\Python38\lib\site-packages\django\core\handlers\exception.py", line 47, in inner
    response = get_response(request)
  File "C:\Python38\lib\site-packages\django\core\handlers\base.py", line 181, in _get_response
    response = wrapped_callback(request, *callback_args, **callback_kwargs)
  File "C:\Python38\lib\site-packages\django\contrib\admin\options.py", line 614, in wrapper
    return self.admin_site.admin_view(view)(*args, **kwargs)
  File "C:\Python38\lib\site-packages\django\utils\decorators.py", line 130, in _wrapped_view
    response = view_func(request, *args, **kwargs)
  File "C:\Python38\lib\site-packages\django\views\decorators\cache.py", line 44, in _wrapped_view_func
    response = view_func(request, *args, **kwargs)
  File "C:\Python38\lib\site-packages\django\contrib\admin\sites.py", line 233, in inner
    return view(request, *args, **kwargs)
  File "C:\Python38\lib\site-packages\django\contrib\admin\options.py", line 1653, in add_view
    return self.changeform_view(request, None, form_url, extra_context)
  File "C:\Python38\lib\site-packages\django\utils\decorators.py", line 43, in _wrapper
    return bound_method(*args, **kwargs)
  File "C:\Python38\lib\site-packages\django\utils\decorators.py", line 130, in _wrapped_view
    response = view_func(request, *args, **kwargs)
  File "C:\Python38\lib\site-packages\django\contrib\admin\options.py", line 1534, in changeform_view
    return self._changeform_view(request, object_id, form_url, extra_context)
  File "C:\Python38\lib\site-packages\django\contrib\admin\options.py", line 1568, in _changeform_view
    ModelForm = self.get_form(
  File "C:\Python38\lib\site-packages\django\contrib\admin\options.py", line 711, in get_form
    raise FieldError(
django.core.exceptions.FieldError: Unknown field(s) (site) specified for FlatPage. Check fields/fieldsets/exclude attributes of class FlatPageAdmin.
2021-09-08 15:15:23,254 ERROR "GET /admin/flatpages/flatpage/add/ HTTP/1.1" 500 136050 C:\Python38\lib\site-packages\django\core\servers\basehttp.py None
2021-09-08 15:18:02,580 ERROR Internal Server Error: /admin/newapp/category/add/ C:\Python38\lib\site-packages\django\utils\log.py (<class 'TypeError'>, TypeError("pgettext() missing 1 required positional argument: 'message'"), <traceback object at 0x0000027077B0FC00>)
Traceback (most recent call last):
  File "C:\Python38\lib\site-packages\django\core\handlers\exception.py", line 47, in inner
    response = get_response(request)
  File "C:\Python38\lib\site-packages\django\core\handlers\base.py", line 204, in _get_response
    response = response.render()
  File "C:\Python38\lib\site-packages\django\template\response.py", line 105, in render
    self.content = self.rendered_content
  File "C:\Python38\lib\site-packages\django\template\response.py", line 83, in rendered_content
    return template.render(context, self._request)
  File "C:\Python38\lib\site-packages\django\template\backends\django.py", line 61, in render
    return self.template.render(context)
  File "C:\Python38\lib\site-packages\django\template\base.py", line 170, in render
    return self._render(context)
  File "C:\Python38\lib\site-packages\django\template\base.py", line 162, in _render
    return self.nodelist.render(context)
  File "C:\Python38\lib\site-packages\django\template\base.py", line 938, in render
    bit = node.render_annotated(context)
  File "C:\Python38\lib\site-packages\django\template\base.py", line 905, in render_annotated
    return self.render(context)
  File "C:\Python38\lib\site-packages\django\template\loader_tags.py", line 150, in render
    return compiled_parent._render(context)
  File "C:\Python38\lib\site-packages\django\template\base.py", line 162, in _render
    return self.nodelist.render(context)
  File "C:\Python38\lib\site-packages\django\template\base.py", line 938, in render
    bit = node.render_annotated(context)
  File "C:\Python38\lib\site-packages\django\template\base.py", line 905, in render_annotated
    return self.render(context)
  File "C:\Python38\lib\site-packages\django\template\loader_tags.py", line 150, in render
    return compiled_parent._render(context)
  File "C:\Python38\lib\site-packages\django\template\base.py", line 162, in _render
    return self.nodelist.render(context)
  File "C:\Python38\lib\site-packages\django\template\base.py", line 938, in render
    bit = node.render_annotated(context)
  File "C:\Python38\lib\site-packages\django\template\base.py", line 905, in render_annotated
    return self.render(context)
  File "C:\Python38\lib\site-packages\django\template\loader_tags.py", line 62, in render
    result = block.nodelist.render(context)
  File "C:\Python38\lib\site-packages\django\template\base.py", line 938, in render
    bit = node.render_annotated(context)
  File "C:\Python38\lib\site-packages\django\template\base.py", line 905, in render_annotated
    return self.render(context)
  File "C:\Python38\lib\site-packages\django\template\loader_tags.py", line 62, in render
    result = block.nodelist.render(context)
  File "C:\Python38\lib\site-packages\django\template\base.py", line 938, in render
    bit = node.render_annotated(context)
  File "C:\Python38\lib\site-packages\django\template\base.py", line 905, in render_annotated
    return self.render(context)
  File "C:\Python38\lib\site-packages\django\template\defaulttags.py", line 211, in render
    nodelist.append(node.render_annotated(context))
  File "C:\Python38\lib\site-packages\django\template\base.py", line 905, in render_annotated
    return self.render(context)
  File "C:\Python38\lib\site-packages\django\template\loader_tags.py", line 192, in render
    return template.render(context)
  File "C:\Python38\lib\site-packages\django\template\base.py", line 172, in render
    return self._render(context)
  File "C:\Python38\lib\site-packages\django\template\base.py", line 162, in _render
    return self.nodelist.render(context)
  File "C:\Python38\lib\site-packages\django\template\base.py", line 938, in render
    bit = node.render_annotated(context)
  File "C:\Python38\lib\site-packages\django\template\base.py", line 905, in render_annotated
    return self.render(context)
  File "C:\Python38\lib\site-packages\django\template\defaulttags.py", line 211, in render
    nodelist.append(node.render_annotated(context))
  File "C:\Python38\lib\site-packages\django\template\base.py", line 905, in render_annotated
    return self.render(context)
  File "C:\Python38\lib\site-packages\django\template\defaulttags.py", line 167, in render
    values = list(values)
  File "C:\Python38\lib\site-packages\django\contrib\admin\helpers.py", line 113, in __iter__
    yield AdminField(self.form, field, is_first=(i == 0))
  File "C:\Python38\lib\site-packages\django\contrib\admin\helpers.py", line 125, in __init__
    self.field = form[field]  # A django.forms.BoundField instance
  File "C:\Python38\lib\site-packages\django\forms\forms.py", line 165, in __getitem__
    self._bound_fields_cache[name] = field.get_bound_field(self, name)
  File "C:\Python38\lib\site-packages\django\forms\fields.py", line 199, in get_bound_field
    return BoundField(form, self, field_name)
  File "C:\Python38\lib\site-packages\django\forms\boundfield.py", line 28, in __init__
    self.help_text = field.help_text or ''
  File "C:\Python38\lib\site-packages\django\utils\functional.py", line 135, in __wrapper__
    res = func(*self.__args, **self.__kw)
TypeError: pgettext() missing 1 required positional argument: 'message'
2021-09-08 15:18:02,587 ERROR "GET /admin/newapp/category/add/ HTTP/1.1" 500 447471 C:\Python38\lib\site-packages\django\core\servers\basehttp.py None
2021-09-08 15:18:09,888 ERROR Internal Server Error: /admin/newapp/category/add/ C:\Python38\lib\site-packages\django\utils\log.py (<class 'TypeError'>, TypeError("pgettext() missing 1 required positional argument: 'message'"), <traceback object at 0x0000027077868700>)
Traceback (most recent call last):
  File "C:\Python38\lib\site-packages\django\core\handlers\exception.py", line 47, in inner
    response = get_response(request)
  File "C:\Python38\lib\site-packages\django\core\handlers\base.py", line 204, in _get_response
    response = response.render()
  File "C:\Python38\lib\site-packages\django\template\response.py", line 105, in render
    self.content = self.rendered_content
  File "C:\Python38\lib\site-packages\django\template\response.py", line 83, in rendered_content
    return template.render(context, self._request)
  File "C:\Python38\lib\site-packages\django\template\backends\django.py", line 61, in render
    return self.template.render(context)
  File "C:\Python38\lib\site-packages\django\template\base.py", line 170, in render
    return self._render(context)
  File "C:\Python38\lib\site-packages\django\template\base.py", line 162, in _render
    return self.nodelist.render(context)
  File "C:\Python38\lib\site-packages\django\template\base.py", line 938, in render
    bit = node.render_annotated(context)
  File "C:\Python38\lib\site-packages\django\template\base.py", line 905, in render_annotated
    return self.render(context)
  File "C:\Python38\lib\site-packages\django\template\loader_tags.py", line 150, in render
    return compiled_parent._render(context)
  File "C:\Python38\lib\site-packages\django\template\base.py", line 162, in _render
    return self.nodelist.render(context)
  File "C:\Python38\lib\site-packages\django\template\base.py", line 938, in render
    bit = node.render_annotated(context)
  File "C:\Python38\lib\site-packages\django\template\base.py", line 905, in render_annotated
    return self.render(context)
  File "C:\Python38\lib\site-packages\django\template\loader_tags.py", line 150, in render
    return compiled_parent._render(context)
  File "C:\Python38\lib\site-packages\django\template\base.py", line 162, in _render
    return self.nodelist.render(context)
  File "C:\Python38\lib\site-packages\django\template\base.py", line 938, in render
    bit = node.render_annotated(context)
  File "C:\Python38\lib\site-packages\django\template\base.py", line 905, in render_annotated
    return self.render(context)
  File "C:\Python38\lib\site-packages\django\template\loader_tags.py", line 62, in render
    result = block.nodelist.render(context)
  File "C:\Python38\lib\site-packages\django\template\base.py", line 938, in render
    bit = node.render_annotated(context)
  File "C:\Python38\lib\site-packages\django\template\base.py", line 905, in render_annotated
    return self.render(context)
  File "C:\Python38\lib\site-packages\django\template\loader_tags.py", line 62, in render
    result = block.nodelist.render(context)
  File "C:\Python38\lib\site-packages\django\template\base.py", line 938, in render
    bit = node.render_annotated(context)
  File "C:\Python38\lib\site-packages\django\template\base.py", line 905, in render_annotated
    return self.render(context)
  File "C:\Python38\lib\site-packages\django\template\defaulttags.py", line 211, in render
    nodelist.append(node.render_annotated(context))
  File "C:\Python38\lib\site-packages\django\template\base.py", line 905, in render_annotated
    return self.render(context)
  File "C:\Python38\lib\site-packages\django\template\loader_tags.py", line 192, in render
    return template.render(context)
  File "C:\Python38\lib\site-packages\django\template\base.py", line 172, in render
    return self._render(context)
  File "C:\Python38\lib\site-packages\django\template\base.py", line 162, in _render
    return self.nodelist.render(context)
  File "C:\Python38\lib\site-packages\django\template\base.py", line 938, in render
    bit = node.render_annotated(context)
  File "C:\Python38\lib\site-packages\django\template\base.py", line 905, in render_annotated
    return self.render(context)
  File "C:\Python38\lib\site-packages\django\template\defaulttags.py", line 211, in render
    nodelist.append(node.render_annotated(context))
  File "C:\Python38\lib\site-packages\django\template\base.py", line 905, in render_annotated
    return self.render(context)
  File "C:\Python38\lib\site-packages\django\template\defaulttags.py", line 167, in render
    values = list(values)
  File "C:\Python38\lib\site-packages\django\contrib\admin\helpers.py", line 113, in __iter__
    yield AdminField(self.form, field, is_first=(i == 0))
  File "C:\Python38\lib\site-packages\django\contrib\admin\helpers.py", line 125, in __init__
    self.field = form[field]  # A django.forms.BoundField instance
  File "C:\Python38\lib\site-packages\django\forms\forms.py", line 165, in __getitem__
    self._bound_fields_cache[name] = field.get_bound_field(self, name)
  File "C:\Python38\lib\site-packages\django\forms\fields.py", line 199, in get_bound_field
    return BoundField(form, self, field_name)
  File "C:\Python38\lib\site-packages\django\forms\boundfield.py", line 28, in __init__
    self.help_text = field.help_text or ''
  File "C:\Python38\lib\site-packages\django\utils\functional.py", line 135, in __wrapper__
    res = func(*self.__args, **self.__kw)
TypeError: pgettext() missing 1 required positional argument: 'message'
2021-09-08 15:18:09,904 ERROR "GET /admin/newapp/category/add/ HTTP/1.1" 500 447471 C:\Python38\lib\site-packages\django\core\servers\basehttp.py None
2021-09-08 16:55:24,507 ERROR Internal Server Error: /news/ C:\Python38\lib\site-packages\django\utils\log.py (<class 'django.template.exceptions.TemplateSyntaxError'>, TemplateSyntaxError("Invalid block tag on line 28: 'get_available_languages'. Did you forget to register or load this tag?"), <traceback object at 0x00000271CB5ADE80>)
Traceback (most recent call last):
  File "C:\Python38\lib\site-packages\django\template\base.py", line 470, in parse
    compile_func = self.tags[command]
KeyError: 'get_available_languages'

During handling of the above exception, another exception occurred:

Traceback (most recent call last):
  File "C:\Python38\lib\site-packages\django\core\handlers\exception.py", line 47, in inner
    response = get_response(request)
  File "C:\Python38\lib\site-packages\django\core\handlers\base.py", line 204, in _get_response
    response = response.render()
  File "C:\Python38\lib\site-packages\django\template\response.py", line 105, in render
    self.content = self.rendered_content
  File "C:\Python38\lib\site-packages\django\template\response.py", line 83, in rendered_content
    return template.render(context, self._request)
  File "C:\Python38\lib\site-packages\django\template\backends\django.py", line 61, in render
    return self.template.render(context)
  File "C:\Python38\lib\site-packages\django\template\base.py", line 170, in render
    return self._render(context)
  File "C:\Python38\lib\site-packages\django\template\base.py", line 162, in _render
    return self.nodelist.render(context)
  File "C:\Python38\lib\site-packages\django\template\base.py", line 938, in render
    bit = node.render_annotated(context)
  File "C:\Python38\lib\site-packages\django\template\base.py", line 905, in render_annotated
    return self.render(context)
  File "C:\Python38\lib\site-packages\django\template\loader_tags.py", line 127, in render
    compiled_parent = self.get_parent(context)
  File "C:\Python38\lib\site-packages\django\template\loader_tags.py", line 124, in get_parent
    return self.find_template(parent, context)
  File "C:\Python38\lib\site-packages\django\template\loader_tags.py", line 103, in find_template
    template, origin = context.template.engine.find_template(
  File "C:\Python38\lib\site-packages\django\template\engine.py", line 125, in find_template
    template = loader.get_template(name, skip=skip)
  File "C:\Python38\lib\site-packages\django\template\loaders\base.py", line 29, in get_template
    return Template(
  File "C:\Python38\lib\site-packages\django\template\base.py", line 155, in __init__
    self.nodelist = self.compile_nodelist()
  File "C:\Python38\lib\site-packages\django\template\base.py", line 193, in compile_nodelist
    return parser.parse()
  File "C:\Python38\lib\site-packages\django\template\base.py", line 472, in parse
    self.invalid_block_tag(token, command, parse_until)
  File "C:\Python38\lib\site-packages\django\template\base.py", line 531, in invalid_block_tag
    raise self.error(
django.template.exceptions.TemplateSyntaxError: Invalid block tag on line 28: 'get_available_languages'. Did you forget to register or load this tag?
2021-09-08 16:55:24,511 ERROR "GET /news/ HTTP/1.1" 500 176809 C:\Python38\lib\site-packages\django\core\servers\basehttp.py None
2021-09-09 16:06:07,345 ERROR Internal Server Error: /news/ C:\Python38\lib\site-packages\django\utils\log.py (<class 'django.template.exceptions.TemplateSyntaxError'>, TemplateSyntaxError("Invalid block tag on line 10: 'trans', expected 'endblock'. Did you forget to register or load this tag?"), <traceback object at 0x000001E0BCAA09C0>)
Traceback (most recent call last):
  File "C:\Python38\lib\site-packages\django\template\base.py", line 470, in parse
    compile_func = self.tags[command]
KeyError: 'trans'

During handling of the above exception, another exception occurred:

Traceback (most recent call last):
  File "C:\Python38\lib\site-packages\django\core\handlers\exception.py", line 47, in inner
    response = get_response(request)
  File "C:\Python38\lib\site-packages\django\core\handlers\base.py", line 204, in _get_response
    response = response.render()
  File "C:\Python38\lib\site-packages\django\template\response.py", line 105, in render
    self.content = self.rendered_content
  File "C:\Python38\lib\site-packages\django\template\response.py", line 81, in rendered_content
    template = self.resolve_template(self.template_name)
  File "C:\Python38\lib\site-packages\django\template\response.py", line 63, in resolve_template
    return select_template(template, using=self.using)
  File "C:\Python38\lib\site-packages\django\template\loader.py", line 42, in select_template
    return engine.get_template(template_name)
  File "C:\Python38\lib\site-packages\django\template\backends\django.py", line 34, in get_template
    return Template(self.engine.get_template(template_name), self)
  File "C:\Python38\lib\site-packages\django\template\engine.py", line 143, in get_template
    template, origin = self.find_template(template_name)
  File "C:\Python38\lib\site-packages\django\template\engine.py", line 125, in find_template
    template = loader.get_template(name, skip=skip)
  File "C:\Python38\lib\site-packages\django\template\loaders\base.py", line 29, in get_template
    return Template(
  File "C:\Python38\lib\site-packages\django\template\base.py", line 155, in __init__
    self.nodelist = self.compile_nodelist()
  File "C:\Python38\lib\site-packages\django\template\base.py", line 193, in compile_nodelist
    return parser.parse()
  File "C:\Python38\lib\site-packages\django\template\base.py", line 478, in parse
    raise self.error(token, e)
  File "C:\Python38\lib\site-packages\django\template\base.py", line 476, in parse
    compiled_result = compile_func(self, token)
  File "C:\Python38\lib\site-packages\django\template\loader_tags.py", line 270, in do_extends
    nodelist = parser.parse()
  File "C:\Python38\lib\site-packages\django\template\base.py", line 478, in parse
    raise self.error(token, e)
  File "C:\Python38\lib\site-packages\django\template\base.py", line 476, in parse
    compiled_result = compile_func(self, token)
  File "C:\Python38\lib\site-packages\django\template\loader_tags.py", line 213, in do_block
    nodelist = parser.parse(('endblock',))
  File "C:\Python38\lib\site-packages\django\template\base.py", line 472, in parse
    self.invalid_block_tag(token, command, parse_until)
  File "C:\Python38\lib\site-packages\django\template\base.py", line 522, in invalid_block_tag
    raise self.error(
django.template.exceptions.TemplateSyntaxError: Invalid block tag on line 10: 'trans', expected 'endblock'. Did you forget to register or load this tag?
2021-09-09 16:06:07,350 ERROR "GET /news/ HTTP/1.1" 500 170186 C:\Python38\lib\site-packages\django\core\servers\basehttp.py None
2021-09-09 16:06:57,005 ERROR Internal Server Error: /news/ C:\Python38\lib\site-packages\django\utils\log.py (<class 'django.template.exceptions.TemplateSyntaxError'>, TemplateSyntaxError("<ExtendsNode: extends 'flatpages/default.html'> must be the first tag in the template."), <traceback object at 0x000001E0BC911D40>)
Traceback (most recent call last):
  File "C:\Python38\lib\site-packages\django\core\handlers\exception.py", line 47, in inner
    response = get_response(request)
  File "C:\Python38\lib\site-packages\django\core\handlers\base.py", line 204, in _get_response
    response = response.render()
  File "C:\Python38\lib\site-packages\django\template\response.py", line 105, in render
    self.content = self.rendered_content
  File "C:\Python38\lib\site-packages\django\template\response.py", line 81, in rendered_content
    template = self.resolve_template(self.template_name)
  File "C:\Python38\lib\site-packages\django\template\response.py", line 63, in resolve_template
    return select_template(template, using=self.using)
  File "C:\Python38\lib\site-packages\django\template\loader.py", line 42, in select_template
    return engine.get_template(template_name)
  File "C:\Python38\lib\site-packages\django\template\backends\django.py", line 34, in get_template
    return Template(self.engine.get_template(template_name), self)
  File "C:\Python38\lib\site-packages\django\template\engine.py", line 143, in get_template
    template, origin = self.find_template(template_name)
  File "C:\Python38\lib\site-packages\django\template\engine.py", line 125, in find_template
    template = loader.get_template(name, skip=skip)
  File "C:\Python38\lib\site-packages\django\template\loaders\base.py", line 29, in get_template
    return Template(
  File "C:\Python38\lib\site-packages\django\template\base.py", line 155, in __init__
    self.nodelist = self.compile_nodelist()
  File "C:\Python38\lib\site-packages\django\template\base.py", line 193, in compile_nodelist
    return parser.parse()
  File "C:\Python38\lib\site-packages\django\template\base.py", line 479, in parse
    self.extend_nodelist(nodelist, compiled_result, token)
  File "C:\Python38\lib\site-packages\django\template\base.py", line 496, in extend_nodelist
    raise self.error(
django.template.exceptions.TemplateSyntaxError: <ExtendsNode: extends 'flatpages/default.html'> must be the first tag in the template.
2021-09-09 16:06:57,005 ERROR "GET /news/ HTTP/1.1" 500 134090 C:\Python38\lib\site-packages\django\core\servers\basehttp.py None
2021-09-09 17:28:05,104 ERROR Internal Server Error: /admin/newapp/category/add/ C:\Python38\lib\site-packages\django\utils\log.py (<class 'TypeError'>, TypeError("pgettext() missing 1 required positional argument: 'message'"), <traceback object at 0x0000012FE1F36280>)
Traceback (most recent call last):
  File "C:\Python38\lib\site-packages\django\core\handlers\exception.py", line 47, in inner
    response = get_response(request)
  File "C:\Python38\lib\site-packages\django\core\handlers\base.py", line 204, in _get_response
    response = response.render()
  File "C:\Python38\lib\site-packages\django\template\response.py", line 105, in render
    self.content = self.rendered_content
  File "C:\Python38\lib\site-packages\django\template\response.py", line 83, in rendered_content
    return template.render(context, self._request)
  File "C:\Python38\lib\site-packages\django\template\backends\django.py", line 61, in render
    return self.template.render(context)
  File "C:\Python38\lib\site-packages\django\template\base.py", line 170, in render
    return self._render(context)
  File "C:\Python38\lib\site-packages\django\template\base.py", line 162, in _render
    return self.nodelist.render(context)
  File "C:\Python38\lib\site-packages\django\template\base.py", line 938, in render
    bit = node.render_annotated(context)
  File "C:\Python38\lib\site-packages\django\template\base.py", line 905, in render_annotated
    return self.render(context)
  File "C:\Python38\lib\site-packages\django\template\loader_tags.py", line 150, in render
    return compiled_parent._render(context)
  File "C:\Python38\lib\site-packages\django\template\base.py", line 162, in _render
    return self.nodelist.render(context)
  File "C:\Python38\lib\site-packages\django\template\base.py", line 938, in render
    bit = node.render_annotated(context)
  File "C:\Python38\lib\site-packages\django\template\base.py", line 905, in render_annotated
    return self.render(context)
  File "C:\Python38\lib\site-packages\django\template\loader_tags.py", line 150, in render
    return compiled_parent._render(context)
  File "C:\Python38\lib\site-packages\django\template\base.py", line 162, in _render
    return self.nodelist.render(context)
  File "C:\Python38\lib\site-packages\django\template\base.py", line 938, in render
    bit = node.render_annotated(context)
  File "C:\Python38\lib\site-packages\django\template\base.py", line 905, in render_annotated
    return self.render(context)
  File "C:\Python38\lib\site-packages\django\template\loader_tags.py", line 62, in render
    result = block.nodelist.render(context)
  File "C:\Python38\lib\site-packages\django\template\base.py", line 938, in render
    bit = node.render_annotated(context)
  File "C:\Python38\lib\site-packages\django\template\base.py", line 905, in render_annotated
    return self.render(context)
  File "C:\Python38\lib\site-packages\django\template\loader_tags.py", line 62, in render
    result = block.nodelist.render(context)
  File "C:\Python38\lib\site-packages\django\template\base.py", line 938, in render
    bit = node.render_annotated(context)
  File "C:\Python38\lib\site-packages\django\template\base.py", line 905, in render_annotated
    return self.render(context)
  File "C:\Python38\lib\site-packages\django\template\defaulttags.py", line 211, in render
    nodelist.append(node.render_annotated(context))
  File "C:\Python38\lib\site-packages\django\template\base.py", line 905, in render_annotated
    return self.render(context)
  File "C:\Python38\lib\site-packages\django\template\loader_tags.py", line 192, in render
    return template.render(context)
  File "C:\Python38\lib\site-packages\django\template\base.py", line 172, in render
    return self._render(context)
  File "C:\Python38\lib\site-packages\django\template\base.py", line 162, in _render
    return self.nodelist.render(context)
  File "C:\Python38\lib\site-packages\django\template\base.py", line 938, in render
    bit = node.render_annotated(context)
  File "C:\Python38\lib\site-packages\django\template\base.py", line 905, in render_annotated
    return self.render(context)
  File "C:\Python38\lib\site-packages\django\template\defaulttags.py", line 211, in render
    nodelist.append(node.render_annotated(context))
  File "C:\Python38\lib\site-packages\django\template\base.py", line 905, in render_annotated
    return self.render(context)
  File "C:\Python38\lib\site-packages\django\template\defaulttags.py", line 167, in render
    values = list(values)
  File "C:\Python38\lib\site-packages\django\contrib\admin\helpers.py", line 113, in __iter__
    yield AdminField(self.form, field, is_first=(i == 0))
  File "C:\Python38\lib\site-packages\django\contrib\admin\helpers.py", line 125, in __init__
    self.field = form[field]  # A django.forms.BoundField instance
  File "C:\Python38\lib\site-packages\django\forms\forms.py", line 165, in __getitem__
    self._bound_fields_cache[name] = field.get_bound_field(self, name)
  File "C:\Python38\lib\site-packages\django\forms\fields.py", line 199, in get_bound_field
    return BoundField(form, self, field_name)
  File "C:\Python38\lib\site-packages\django\forms\boundfield.py", line 28, in __init__
    self.help_text = field.help_text or ''
  File "C:\Python38\lib\site-packages\django\utils\functional.py", line 135, in __wrapper__
    res = func(*self.__args, **self.__kw)
TypeError: pgettext() missing 1 required positional argument: 'message'
2021-09-09 17:28:05,112 ERROR "GET /admin/newapp/category/add/ HTTP/1.1" 500 448970 C:\Python38\lib\site-packages\django\core\servers\basehttp.py None
2021-09-10 12:44:56,594 ERROR Internal Server Error: /news/ C:\Python38\lib\site-packages\django\utils\log.py (<class 'django.urls.exceptions.NoReverseMatch'>, NoReverseMatch("'app_name' is not a registered namespace"), <traceback object at 0x000002D292EC7F40>)
Traceback (most recent call last):
  File "C:\Python38\lib\site-packages\django\urls\base.py", line 72, in reverse
    extra, resolver = resolver.namespace_dict[ns]
KeyError: 'app_name'

During handling of the above exception, another exception occurred:

Traceback (most recent call last):
  File "C:\Python38\lib\site-packages\django\core\handlers\exception.py", line 47, in inner
    response = get_response(request)
  File "C:\Python38\lib\site-packages\django\core\handlers\base.py", line 204, in _get_response
    response = response.render()
  File "C:\Python38\lib\site-packages\django\template\response.py", line 105, in render
    self.content = self.rendered_content
  File "C:\Python38\lib\site-packages\django\template\response.py", line 83, in rendered_content
    return template.render(context, self._request)
  File "C:\Python38\lib\site-packages\django\template\backends\django.py", line 61, in render
    return self.template.render(context)
  File "C:\Python38\lib\site-packages\django\template\base.py", line 170, in render
    return self._render(context)
  File "C:\Python38\lib\site-packages\django\template\base.py", line 162, in _render
    return self.nodelist.render(context)
  File "C:\Python38\lib\site-packages\django\template\base.py", line 938, in render
    bit = node.render_annotated(context)
  File "C:\Python38\lib\site-packages\django\template\base.py", line 905, in render_annotated
    return self.render(context)
  File "C:\Python38\lib\site-packages\django\template\loader_tags.py", line 150, in render
    return compiled_parent._render(context)
  File "C:\Python38\lib\site-packages\django\template\base.py", line 162, in _render
    return self.nodelist.render(context)
  File "C:\Python38\lib\site-packages\django\template\base.py", line 938, in render
    bit = node.render_annotated(context)
  File "C:\Python38\lib\site-packages\django\template\base.py", line 905, in render_annotated
    return self.render(context)
  File "C:\Python38\lib\site-packages\django\template\defaulttags.py", line 211, in render
    nodelist.append(node.render_annotated(context))
  File "C:\Python38\lib\site-packages\django\template\base.py", line 905, in render_annotated
    return self.render(context)
  File "C:\Python38\lib\site-packages\django\template\defaulttags.py", line 312, in render
    return nodelist.render(context)
  File "C:\Python38\lib\site-packages\django\template\base.py", line 938, in render
    bit = node.render_annotated(context)
  File "C:\Python38\lib\site-packages\django\template\base.py", line 905, in render_annotated
    return self.render(context)
  File "C:\Python38\lib\site-packages\django\template\defaulttags.py", line 446, in render
    url = reverse(view_name, args=args, kwargs=kwargs, current_app=current_app)
  File "C:\Python38\lib\site-packages\django\urls\base.py", line 83, in reverse
    raise NoReverseMatch("%s is not a registered namespace" % key)
django.urls.exceptions.NoReverseMatch: 'app_name' is not a registered namespace
2021-09-10 12:44:56,600 ERROR "GET /news/ HTTP/1.1" 500 190493 C:\Python38\lib\site-packages\django\core\servers\basehttp.py None
2021-09-10 12:45:37,148 ERROR Internal Server Error: /news/ C:\Python38\lib\site-packages\django\utils\log.py (<class 'django.urls.exceptions.NoReverseMatch'>, NoReverseMatch("'newapp' is not a registered namespace"), <traceback object at 0x000002D292D058C0>)
Traceback (most recent call last):
  File "C:\Python38\lib\site-packages\django\urls\base.py", line 72, in reverse
    extra, resolver = resolver.namespace_dict[ns]
KeyError: 'newapp'

During handling of the above exception, another exception occurred:

Traceback (most recent call last):
  File "C:\Python38\lib\site-packages\django\core\handlers\exception.py", line 47, in inner
    response = get_response(request)
  File "C:\Python38\lib\site-packages\django\core\handlers\base.py", line 204, in _get_response
    response = response.render()
  File "C:\Python38\lib\site-packages\django\template\response.py", line 105, in render
    self.content = self.rendered_content
  File "C:\Python38\lib\site-packages\django\template\response.py", line 83, in rendered_content
    return template.render(context, self._request)
  File "C:\Python38\lib\site-packages\django\template\backends\django.py", line 61, in render
    return self.template.render(context)
  File "C:\Python38\lib\site-packages\django\template\base.py", line 170, in render
    return self._render(context)
  File "C:\Python38\lib\site-packages\django\template\base.py", line 162, in _render
    return self.nodelist.render(context)
  File "C:\Python38\lib\site-packages\django\template\base.py", line 938, in render
    bit = node.render_annotated(context)
  File "C:\Python38\lib\site-packages\django\template\base.py", line 905, in render_annotated
    return self.render(context)
  File "C:\Python38\lib\site-packages\django\template\loader_tags.py", line 150, in render
    return compiled_parent._render(context)
  File "C:\Python38\lib\site-packages\django\template\base.py", line 162, in _render
    return self.nodelist.render(context)
  File "C:\Python38\lib\site-packages\django\template\base.py", line 938, in render
    bit = node.render_annotated(context)
  File "C:\Python38\lib\site-packages\django\template\base.py", line 905, in render_annotated
    return self.render(context)
  File "C:\Python38\lib\site-packages\django\template\defaulttags.py", line 211, in render
    nodelist.append(node.render_annotated(context))
  File "C:\Python38\lib\site-packages\django\template\base.py", line 905, in render_annotated
    return self.render(context)
  File "C:\Python38\lib\site-packages\django\template\defaulttags.py", line 312, in render
    return nodelist.render(context)
  File "C:\Python38\lib\site-packages\django\template\base.py", line 938, in render
    bit = node.render_annotated(context)
  File "C:\Python38\lib\site-packages\django\template\base.py", line 905, in render_annotated
    return self.render(context)
  File "C:\Python38\lib\site-packages\django\template\defaulttags.py", line 446, in render
    url = reverse(view_name, args=args, kwargs=kwargs, current_app=current_app)
  File "C:\Python38\lib\site-packages\django\urls\base.py", line 83, in reverse
    raise NoReverseMatch("%s is not a registered namespace" % key)
django.urls.exceptions.NoReverseMatch: 'newapp' is not a registered namespace
2021-09-10 12:45:37,151 ERROR "GET /news/ HTTP/1.1" 500 190443 C:\Python38\lib\site-packages\django\core\servers\basehttp.py None
2021-09-10 14:22:32,339 ERROR Internal Server Error: /about/ C:\Python38\lib\site-packages\django\utils\log.py (<class 'django.template.exceptions.TemplateSyntaxError'>, TemplateSyntaxError("Invalid block tag on line 10: 'trans', expected 'endblock'. Did you forget to register or load this tag?"), <traceback object at 0x0000023408204F40>)
Traceback (most recent call last):
  File "C:\Python38\lib\site-packages\django\template\base.py", line 470, in parse
    compile_func = self.tags[command]
KeyError: 'trans'

During handling of the above exception, another exception occurred:

Traceback (most recent call last):
  File "C:\Python38\lib\site-packages\django\core\handlers\exception.py", line 47, in inner
    response = get_response(request)
  File "C:\Python38\lib\site-packages\django\utils\deprecation.py", line 116, in __call__
    response = self.process_response(request, response)
  File "C:\Python38\lib\site-packages\django\contrib\flatpages\middleware.py", line 12, in process_response
    return flatpage(request, request.path_info)
  File "C:\Python38\lib\site-packages\django\contrib\flatpages\views.py", line 45, in flatpage
    return render_flatpage(request, f)
  File "C:\Python38\lib\site-packages\django\utils\decorators.py", line 130, in _wrapped_view
    response = view_func(request, *args, **kwargs)
  File "C:\Python38\lib\site-packages\django\contrib\flatpages\views.py", line 59, in render_flatpage
    template = loader.select_template((f.template_name, DEFAULT_TEMPLATE))
  File "C:\Python38\lib\site-packages\django\template\loader.py", line 42, in select_template
    return engine.get_template(template_name)
  File "C:\Python38\lib\site-packages\django\template\backends\django.py", line 34, in get_template
    return Template(self.engine.get_template(template_name), self)
  File "C:\Python38\lib\site-packages\django\template\engine.py", line 143, in get_template
    template, origin = self.find_template(template_name)
  File "C:\Python38\lib\site-packages\django\template\engine.py", line 125, in find_template
    template = loader.get_template(name, skip=skip)
  File "C:\Python38\lib\site-packages\django\template\loaders\base.py", line 29, in get_template
    return Template(
  File "C:\Python38\lib\site-packages\django\template\base.py", line 155, in __init__
    self.nodelist = self.compile_nodelist()
  File "C:\Python38\lib\site-packages\django\template\base.py", line 193, in compile_nodelist
    return parser.parse()
  File "C:\Python38\lib\site-packages\django\template\base.py", line 478, in parse
    raise self.error(token, e)
  File "C:\Python38\lib\site-packages\django\template\base.py", line 476, in parse
    compiled_result = compile_func(self, token)
  File "C:\Python38\lib\site-packages\django\template\loader_tags.py", line 270, in do_extends
    nodelist = parser.parse()
  File "C:\Python38\lib\site-packages\django\template\base.py", line 478, in parse
    raise self.error(token, e)
  File "C:\Python38\lib\site-packages\django\template\base.py", line 476, in parse
    compiled_result = compile_func(self, token)
  File "C:\Python38\lib\site-packages\django\template\loader_tags.py", line 213, in do_block
    nodelist = parser.parse(('endblock',))
  File "C:\Python38\lib\site-packages\django\template\base.py", line 472, in parse
    self.invalid_block_tag(token, command, parse_until)
  File "C:\Python38\lib\site-packages\django\template\base.py", line 522, in invalid_block_tag
    raise self.error(
django.template.exceptions.TemplateSyntaxError: Invalid block tag on line 10: 'trans', expected 'endblock'. Did you forget to register or load this tag?
2021-09-10 14:22:32,345 ERROR "GET /about/ HTTP/1.1" 500 159769 C:\Python38\lib\site-packages\django\core\servers\basehttp.py None
2021-09-10 14:22:52,559 ERROR Internal Server Error: /about/ C:\Python38\lib\site-packages\django\utils\log.py (<class 'django.template.exceptions.TemplateSyntaxError'>, TemplateSyntaxError("Invalid block tag on line 10: 'trans', expected 'endblock'. Did you forget to register or load this tag?"), <traceback object at 0x00000234080F0580>)
Traceback (most recent call last):
  File "C:\Python38\lib\site-packages\django\template\base.py", line 470, in parse
    compile_func = self.tags[command]
KeyError: 'trans'

During handling of the above exception, another exception occurred:

Traceback (most recent call last):
  File "C:\Python38\lib\site-packages\django\core\handlers\exception.py", line 47, in inner
    response = get_response(request)
  File "C:\Python38\lib\site-packages\django\utils\deprecation.py", line 116, in __call__
    response = self.process_response(request, response)
  File "C:\Python38\lib\site-packages\django\contrib\flatpages\middleware.py", line 12, in process_response
    return flatpage(request, request.path_info)
  File "C:\Python38\lib\site-packages\django\contrib\flatpages\views.py", line 45, in flatpage
    return render_flatpage(request, f)
  File "C:\Python38\lib\site-packages\django\utils\decorators.py", line 130, in _wrapped_view
    response = view_func(request, *args, **kwargs)
  File "C:\Python38\lib\site-packages\django\contrib\flatpages\views.py", line 59, in render_flatpage
    template = loader.select_template((f.template_name, DEFAULT_TEMPLATE))
  File "C:\Python38\lib\site-packages\django\template\loader.py", line 42, in select_template
    return engine.get_template(template_name)
  File "C:\Python38\lib\site-packages\django\template\backends\django.py", line 34, in get_template
    return Template(self.engine.get_template(template_name), self)
  File "C:\Python38\lib\site-packages\django\template\engine.py", line 143, in get_template
    template, origin = self.find_template(template_name)
  File "C:\Python38\lib\site-packages\django\template\engine.py", line 125, in find_template
    template = loader.get_template(name, skip=skip)
  File "C:\Python38\lib\site-packages\django\template\loaders\base.py", line 29, in get_template
    return Template(
  File "C:\Python38\lib\site-packages\django\template\base.py", line 155, in __init__
    self.nodelist = self.compile_nodelist()
  File "C:\Python38\lib\site-packages\django\template\base.py", line 193, in compile_nodelist
    return parser.parse()
  File "C:\Python38\lib\site-packages\django\template\base.py", line 478, in parse
    raise self.error(token, e)
  File "C:\Python38\lib\site-packages\django\template\base.py", line 476, in parse
    compiled_result = compile_func(self, token)
  File "C:\Python38\lib\site-packages\django\template\loader_tags.py", line 270, in do_extends
    nodelist = parser.parse()
  File "C:\Python38\lib\site-packages\django\template\base.py", line 478, in parse
    raise self.error(token, e)
  File "C:\Python38\lib\site-packages\django\template\base.py", line 476, in parse
    compiled_result = compile_func(self, token)
  File "C:\Python38\lib\site-packages\django\template\loader_tags.py", line 213, in do_block
    nodelist = parser.parse(('endblock',))
  File "C:\Python38\lib\site-packages\django\template\base.py", line 472, in parse
    self.invalid_block_tag(token, command, parse_until)
  File "C:\Python38\lib\site-packages\django\template\base.py", line 522, in invalid_block_tag
    raise self.error(
django.template.exceptions.TemplateSyntaxError: Invalid block tag on line 10: 'trans', expected 'endblock'. Did you forget to register or load this tag?
2021-09-10 14:22:52,563 ERROR "GET /about/ HTTP/1.1" 500 159769 C:\Python38\lib\site-packages\django\core\servers\basehttp.py None
2021-09-10 14:22:55,873 ERROR Internal Server Error: /about/ C:\Python38\lib\site-packages\django\utils\log.py (<class 'django.template.exceptions.TemplateSyntaxError'>, TemplateSyntaxError("Invalid block tag on line 10: 'trans', expected 'endblock'. Did you forget to register or load this tag?"), <traceback object at 0x000002340827DF00>)
Traceback (most recent call last):
  File "C:\Python38\lib\site-packages\django\template\base.py", line 470, in parse
    compile_func = self.tags[command]
KeyError: 'trans'

During handling of the above exception, another exception occurred:

Traceback (most recent call last):
  File "C:\Python38\lib\site-packages\django\core\handlers\exception.py", line 47, in inner
    response = get_response(request)
  File "C:\Python38\lib\site-packages\django\utils\deprecation.py", line 116, in __call__
    response = self.process_response(request, response)
  File "C:\Python38\lib\site-packages\django\contrib\flatpages\middleware.py", line 12, in process_response
    return flatpage(request, request.path_info)
  File "C:\Python38\lib\site-packages\django\contrib\flatpages\views.py", line 45, in flatpage
    return render_flatpage(request, f)
  File "C:\Python38\lib\site-packages\django\utils\decorators.py", line 130, in _wrapped_view
    response = view_func(request, *args, **kwargs)
  File "C:\Python38\lib\site-packages\django\contrib\flatpages\views.py", line 59, in render_flatpage
    template = loader.select_template((f.template_name, DEFAULT_TEMPLATE))
  File "C:\Python38\lib\site-packages\django\template\loader.py", line 42, in select_template
    return engine.get_template(template_name)
  File "C:\Python38\lib\site-packages\django\template\backends\django.py", line 34, in get_template
    return Template(self.engine.get_template(template_name), self)
  File "C:\Python38\lib\site-packages\django\template\engine.py", line 143, in get_template
    template, origin = self.find_template(template_name)
  File "C:\Python38\lib\site-packages\django\template\engine.py", line 125, in find_template
    template = loader.get_template(name, skip=skip)
  File "C:\Python38\lib\site-packages\django\template\loaders\base.py", line 29, in get_template
    return Template(
  File "C:\Python38\lib\site-packages\django\template\base.py", line 155, in __init__
    self.nodelist = self.compile_nodelist()
  File "C:\Python38\lib\site-packages\django\template\base.py", line 193, in compile_nodelist
    return parser.parse()
  File "C:\Python38\lib\site-packages\django\template\base.py", line 478, in parse
    raise self.error(token, e)
  File "C:\Python38\lib\site-packages\django\template\base.py", line 476, in parse
    compiled_result = compile_func(self, token)
  File "C:\Python38\lib\site-packages\django\template\loader_tags.py", line 270, in do_extends
    nodelist = parser.parse()
  File "C:\Python38\lib\site-packages\django\template\base.py", line 478, in parse
    raise self.error(token, e)
  File "C:\Python38\lib\site-packages\django\template\base.py", line 476, in parse
    compiled_result = compile_func(self, token)
  File "C:\Python38\lib\site-packages\django\template\loader_tags.py", line 213, in do_block
    nodelist = parser.parse(('endblock',))
  File "C:\Python38\lib\site-packages\django\template\base.py", line 472, in parse
    self.invalid_block_tag(token, command, parse_until)
  File "C:\Python38\lib\site-packages\django\template\base.py", line 522, in invalid_block_tag
    raise self.error(
django.template.exceptions.TemplateSyntaxError: Invalid block tag on line 10: 'trans', expected 'endblock'. Did you forget to register or load this tag?
2021-09-10 14:22:55,876 ERROR "GET /about/ HTTP/1.1" 500 159906 C:\Python38\lib\site-packages\django\core\servers\basehttp.py None
2021-09-10 14:23:28,996 ERROR Internal Server Error: /about/ C:\Python38\lib\site-packages\django\utils\log.py (<class 'django.template.exceptions.TemplateSyntaxError'>, TemplateSyntaxError("Invalid block tag on line 10: 'trans', expected 'endblock'. Did you forget to register or load this tag?"), <traceback object at 0x00000234082A5A40>)
Traceback (most recent call last):
  File "C:\Python38\lib\site-packages\django\template\base.py", line 470, in parse
    compile_func = self.tags[command]
KeyError: 'trans'

During handling of the above exception, another exception occurred:

Traceback (most recent call last):
  File "C:\Python38\lib\site-packages\django\core\handlers\exception.py", line 47, in inner
    response = get_response(request)
  File "C:\Python38\lib\site-packages\django\utils\deprecation.py", line 116, in __call__
    response = self.process_response(request, response)
  File "C:\Python38\lib\site-packages\django\contrib\flatpages\middleware.py", line 12, in process_response
    return flatpage(request, request.path_info)
  File "C:\Python38\lib\site-packages\django\contrib\flatpages\views.py", line 45, in flatpage
    return render_flatpage(request, f)
  File "C:\Python38\lib\site-packages\django\utils\decorators.py", line 130, in _wrapped_view
    response = view_func(request, *args, **kwargs)
  File "C:\Python38\lib\site-packages\django\contrib\flatpages\views.py", line 59, in render_flatpage
    template = loader.select_template((f.template_name, DEFAULT_TEMPLATE))
  File "C:\Python38\lib\site-packages\django\template\loader.py", line 42, in select_template
    return engine.get_template(template_name)
  File "C:\Python38\lib\site-packages\django\template\backends\django.py", line 34, in get_template
    return Template(self.engine.get_template(template_name), self)
  File "C:\Python38\lib\site-packages\django\template\engine.py", line 143, in get_template
    template, origin = self.find_template(template_name)
  File "C:\Python38\lib\site-packages\django\template\engine.py", line 125, in find_template
    template = loader.get_template(name, skip=skip)
  File "C:\Python38\lib\site-packages\django\template\loaders\base.py", line 29, in get_template
    return Template(
  File "C:\Python38\lib\site-packages\django\template\base.py", line 155, in __init__
    self.nodelist = self.compile_nodelist()
  File "C:\Python38\lib\site-packages\django\template\base.py", line 193, in compile_nodelist
    return parser.parse()
  File "C:\Python38\lib\site-packages\django\template\base.py", line 478, in parse
    raise self.error(token, e)
  File "C:\Python38\lib\site-packages\django\template\base.py", line 476, in parse
    compiled_result = compile_func(self, token)
  File "C:\Python38\lib\site-packages\django\template\loader_tags.py", line 270, in do_extends
    nodelist = parser.parse()
  File "C:\Python38\lib\site-packages\django\template\base.py", line 478, in parse
    raise self.error(token, e)
  File "C:\Python38\lib\site-packages\django\template\base.py", line 476, in parse
    compiled_result = compile_func(self, token)
  File "C:\Python38\lib\site-packages\django\template\loader_tags.py", line 213, in do_block
    nodelist = parser.parse(('endblock',))
  File "C:\Python38\lib\site-packages\django\template\base.py", line 472, in parse
    self.invalid_block_tag(token, command, parse_until)
  File "C:\Python38\lib\site-packages\django\template\base.py", line 522, in invalid_block_tag
    raise self.error(
django.template.exceptions.TemplateSyntaxError: Invalid block tag on line 10: 'trans', expected 'endblock'. Did you forget to register or load this tag?
2021-09-10 14:23:28,999 ERROR "GET /about/ HTTP/1.1" 500 159769 C:\Python38\lib\site-packages\django\core\servers\basehttp.py None
2021-09-10 14:23:46,241 ERROR Internal Server Error: /contact/ C:\Python38\lib\site-packages\django\utils\log.py (<class 'django.template.exceptions.TemplateSyntaxError'>, TemplateSyntaxError("Invalid block tag on line 10: 'trans', expected 'endblock'. Did you forget to register or load this tag?"), <traceback object at 0x0000023408155700>)
Traceback (most recent call last):
  File "C:\Python38\lib\site-packages\django\template\base.py", line 470, in parse
    compile_func = self.tags[command]
KeyError: 'trans'

During handling of the above exception, another exception occurred:

Traceback (most recent call last):
  File "C:\Python38\lib\site-packages\django\core\handlers\exception.py", line 47, in inner
    response = get_response(request)
  File "C:\Python38\lib\site-packages\django\utils\deprecation.py", line 116, in __call__
    response = self.process_response(request, response)
  File "C:\Python38\lib\site-packages\django\contrib\flatpages\middleware.py", line 12, in process_response
    return flatpage(request, request.path_info)
  File "C:\Python38\lib\site-packages\django\contrib\flatpages\views.py", line 45, in flatpage
    return render_flatpage(request, f)
  File "C:\Python38\lib\site-packages\django\utils\decorators.py", line 130, in _wrapped_view
    response = view_func(request, *args, **kwargs)
  File "C:\Python38\lib\site-packages\django\contrib\flatpages\views.py", line 59, in render_flatpage
    template = loader.select_template((f.template_name, DEFAULT_TEMPLATE))
  File "C:\Python38\lib\site-packages\django\template\loader.py", line 42, in select_template
    return engine.get_template(template_name)
  File "C:\Python38\lib\site-packages\django\template\backends\django.py", line 34, in get_template
    return Template(self.engine.get_template(template_name), self)
  File "C:\Python38\lib\site-packages\django\template\engine.py", line 143, in get_template
    template, origin = self.find_template(template_name)
  File "C:\Python38\lib\site-packages\django\template\engine.py", line 125, in find_template
    template = loader.get_template(name, skip=skip)
  File "C:\Python38\lib\site-packages\django\template\loaders\base.py", line 29, in get_template
    return Template(
  File "C:\Python38\lib\site-packages\django\template\base.py", line 155, in __init__
    self.nodelist = self.compile_nodelist()
  File "C:\Python38\lib\site-packages\django\template\base.py", line 193, in compile_nodelist
    return parser.parse()
  File "C:\Python38\lib\site-packages\django\template\base.py", line 478, in parse
    raise self.error(token, e)
  File "C:\Python38\lib\site-packages\django\template\base.py", line 476, in parse
    compiled_result = compile_func(self, token)
  File "C:\Python38\lib\site-packages\django\template\loader_tags.py", line 270, in do_extends
    nodelist = parser.parse()
  File "C:\Python38\lib\site-packages\django\template\base.py", line 478, in parse
    raise self.error(token, e)
  File "C:\Python38\lib\site-packages\django\template\base.py", line 476, in parse
    compiled_result = compile_func(self, token)
  File "C:\Python38\lib\site-packages\django\template\loader_tags.py", line 213, in do_block
    nodelist = parser.parse(('endblock',))
  File "C:\Python38\lib\site-packages\django\template\base.py", line 472, in parse
    self.invalid_block_tag(token, command, parse_until)
  File "C:\Python38\lib\site-packages\django\template\base.py", line 522, in invalid_block_tag
    raise self.error(
django.template.exceptions.TemplateSyntaxError: Invalid block tag on line 10: 'trans', expected 'endblock'. Did you forget to register or load this tag?
2021-09-10 14:23:46,245 ERROR "GET /contact/ HTTP/1.1" 500 160062 C:\Python38\lib\site-packages\django\core\servers\basehttp.py None
2021-09-10 16:21:32,632 ERROR Internal Server Error: /news/add/ C:\Python38\lib\site-packages\django\utils\log.py (<class 'django.db.utils.OperationalError'>, OperationalError('no such column: newapp_category.category_name_en_us'), <traceback object at 0x0000020949B5B840>)
Traceback (most recent call last):
  File "C:\Python38\lib\site-packages\django\db\backends\utils.py", line 84, in _execute
    return self.cursor.execute(sql, params)
  File "C:\Python38\lib\site-packages\django\db\backends\sqlite3\base.py", line 413, in execute
    return Database.Cursor.execute(self, query, params)
sqlite3.OperationalError: no such column: newapp_category.category_name_en_us

The above exception was the direct cause of the following exception:

Traceback (most recent call last):
  File "C:\Python38\lib\site-packages\django\core\handlers\exception.py", line 47, in inner
    response = get_response(request)
  File "C:\Python38\lib\site-packages\django\core\handlers\base.py", line 204, in _get_response
    response = response.render()
  File "C:\Python38\lib\site-packages\django\template\response.py", line 105, in render
    self.content = self.rendered_content
  File "C:\Python38\lib\site-packages\django\template\response.py", line 83, in rendered_content
    return template.render(context, self._request)
  File "C:\Python38\lib\site-packages\django\template\backends\django.py", line 61, in render
    return self.template.render(context)
  File "C:\Python38\lib\site-packages\django\template\base.py", line 170, in render
    return self._render(context)
  File "C:\Python38\lib\site-packages\django\template\base.py", line 162, in _render
    return self.nodelist.render(context)
  File "C:\Python38\lib\site-packages\django\template\base.py", line 938, in render
    bit = node.render_annotated(context)
  File "C:\Python38\lib\site-packages\django\template\base.py", line 905, in render_annotated
    return self.render(context)
  File "C:\Python38\lib\site-packages\django\template\loader_tags.py", line 150, in render
    return compiled_parent._render(context)
  File "C:\Python38\lib\site-packages\django\template\base.py", line 162, in _render
    return self.nodelist.render(context)
  File "C:\Python38\lib\site-packages\django\template\base.py", line 938, in render
    bit = node.render_annotated(context)
  File "C:\Python38\lib\site-packages\django\template\base.py", line 905, in render_annotated
    return self.render(context)
  File "C:\Python38\lib\site-packages\django\template\loader_tags.py", line 62, in render
    result = block.nodelist.render(context)
  File "C:\Python38\lib\site-packages\django\template\base.py", line 938, in render
    bit = node.render_annotated(context)
  File "C:\Python38\lib\site-packages\django\template\base.py", line 905, in render_annotated
    return self.render(context)
  File "C:\Python38\lib\site-packages\django\template\defaulttags.py", line 312, in render
    return nodelist.render(context)
  File "C:\Python38\lib\site-packages\django\template\base.py", line 938, in render
    bit = node.render_annotated(context)
  File "C:\Python38\lib\site-packages\django\template\base.py", line 905, in render_annotated
    return self.render(context)
  File "C:\Python38\lib\site-packages\django\templatetags\cache.py", line 47, in render
    value = self.nodelist.render(context)
  File "C:\Python38\lib\site-packages\django\template\base.py", line 938, in render
    bit = node.render_annotated(context)
  File "C:\Python38\lib\site-packages\django\template\base.py", line 905, in render_annotated
    return self.render(context)
  File "C:\Python38\lib\site-packages\django\template\loader_tags.py", line 62, in render
    result = block.nodelist.render(context)
  File "C:\Python38\lib\site-packages\django\template\base.py", line 938, in render
    bit = node.render_annotated(context)
  File "C:\Python38\lib\site-packages\django\template\base.py", line 905, in render_annotated
    return self.render(context)
  File "C:\Python38\lib\site-packages\django\template\base.py", line 994, in render
    return render_value_in_context(output, context)
  File "C:\Python38\lib\site-packages\django\template\base.py", line 973, in render_value_in_context
    value = str(value)
  File "C:\Python38\lib\site-packages\django\utils\html.py", line 376, in <lambda>
    klass.__str__ = lambda self: mark_safe(klass_str(self))
  File "C:\Python38\lib\site-packages\django\forms\boundfield.py", line 34, in __str__
    return self.as_widget()
  File "C:\Python38\lib\site-packages\django\forms\boundfield.py", line 93, in as_widget
    return widget.render(
  File "C:\Python38\lib\site-packages\django\forms\widgets.py", line 241, in render
    context = self.get_context(name, value, attrs)
  File "C:\Python38\lib\site-packages\django\forms\widgets.py", line 678, in get_context
    context = super().get_context(name, value, attrs)
  File "C:\Python38\lib\site-packages\django\forms\widgets.py", line 639, in get_context
    context['widget']['optgroups'] = self.optgroups(name, context['widget']['value'], attrs)
  File "C:\Python38\lib\site-packages\django\forms\widgets.py", line 587, in optgroups
    for index, (option_value, option_label) in enumerate(self.choices):
  File "C:\Python38\lib\site-packages\django\forms\models.py", line 1156, in __iter__
    for obj in queryset:
  File "C:\Python38\lib\site-packages\django\db\models\query.py", line 360, in _iterator
    yield from self._iterable_class(self, chunked_fetch=use_chunked_fetch, chunk_size=chunk_size)
  File "C:\Python38\lib\site-packages\django\db\models\query.py", line 53, in __iter__
    results = compiler.execute_sql(chunked_fetch=self.chunked_fetch, chunk_size=self.chunk_size)
  File "C:\Python38\lib\site-packages\django\db\models\sql\compiler.py", line 1156, in execute_sql
    cursor.execute(sql, params)
  File "C:\Python38\lib\site-packages\django\db\backends\utils.py", line 98, in execute
    return super().execute(sql, params)
  File "C:\Python38\lib\site-packages\django\db\backends\utils.py", line 66, in execute
    return self._execute_with_wrappers(sql, params, many=False, executor=self._execute)
  File "C:\Python38\lib\site-packages\django\db\backends\utils.py", line 75, in _execute_with_wrappers
    return executor(sql, params, many, context)
  File "C:\Python38\lib\site-packages\django\db\backends\utils.py", line 84, in _execute
    return self.cursor.execute(sql, params)
  File "C:\Python38\lib\site-packages\django\db\utils.py", line 90, in __exit__
    raise dj_exc_value.with_traceback(traceback) from exc_value
  File "C:\Python38\lib\site-packages\django\db\backends\utils.py", line 84, in _execute
    return self.cursor.execute(sql, params)
  File "C:\Python38\lib\site-packages\django\db\backends\sqlite3\base.py", line 413, in execute
    return Database.Cursor.execute(self, query, params)
django.db.utils.OperationalError: no such column: newapp_category.category_name_en_us
2021-09-10 16:21:32,642 ERROR "GET /news/add/ HTTP/1.1" 500 310656 C:\Python38\lib\site-packages\django\core\servers\basehttp.py None
2021-09-10 16:23:05,954 ERROR Internal Server Error: /news/458/ C:\Python38\lib\site-packages\django\utils\log.py (<class 'django.db.utils.OperationalError'>, OperationalError('no such column: newapp_category.category_name_en_us'), <traceback object at 0x00000209499092C0>)
Traceback (most recent call last):
  File "C:\Python38\lib\site-packages\django\db\models\fields\related_descriptors.py", line 173, in __get__
    rel_obj = self.field.get_cached_value(instance)
  File "C:\Python38\lib\site-packages\django\db\models\fields\mixins.py", line 15, in get_cached_value
    return instance._state.fields_cache[cache_name]
KeyError: 'category'

During handling of the above exception, another exception occurred:

Traceback (most recent call last):
  File "C:\Python38\lib\site-packages\django\db\backends\utils.py", line 84, in _execute
    return self.cursor.execute(sql, params)
  File "C:\Python38\lib\site-packages\django\db\backends\sqlite3\base.py", line 413, in execute
    return Database.Cursor.execute(self, query, params)
sqlite3.OperationalError: no such column: newapp_category.category_name_en_us

The above exception was the direct cause of the following exception:

Traceback (most recent call last):
  File "C:\Python38\lib\site-packages\django\core\handlers\exception.py", line 47, in inner
    response = get_response(request)
  File "C:\Python38\lib\site-packages\django\core\handlers\base.py", line 181, in _get_response
    response = wrapped_callback(request, *callback_args, **callback_kwargs)
  File "C:\Python38\lib\site-packages\django\views\generic\base.py", line 70, in view
    return self.dispatch(request, *args, **kwargs)
  File "C:\Python38\lib\site-packages\django\views\generic\base.py", line 98, in dispatch
    return handler(request, *args, **kwargs)
  File "C:\Python38\lib\site-packages\django\views\generic\detail.py", line 107, in get
    context = self.get_context_data(object=self.object)
  File "C:\Users\Malish75\Desktop\D14_Module_localization\newapp\views.py", line 68, in get_context_data
    context['PCC'] = PostCategory.objects.get(post=self.kwargs['pk']).category
  File "C:\Python38\lib\site-packages\django\db\models\fields\related_descriptors.py", line 187, in __get__
    rel_obj = self.get_object(instance)
  File "C:\Python38\lib\site-packages\django\db\models\fields\related_descriptors.py", line 154, in get_object
    return qs.get(self.field.get_reverse_related_filter(instance))
  File "C:\Python38\lib\site-packages\django\db\models\query.py", line 425, in get
    num = len(clone)
  File "C:\Python38\lib\site-packages\django\db\models\query.py", line 269, in __len__
    self._fetch_all()
  File "C:\Python38\lib\site-packages\django\db\models\query.py", line 1308, in _fetch_all
    self._result_cache = list(self._iterable_class(self))
  File "C:\Python38\lib\site-packages\django\db\models\query.py", line 53, in __iter__
    results = compiler.execute_sql(chunked_fetch=self.chunked_fetch, chunk_size=self.chunk_size)
  File "C:\Python38\lib\site-packages\django\db\models\sql\compiler.py", line 1156, in execute_sql
    cursor.execute(sql, params)
  File "C:\Python38\lib\site-packages\django\db\backends\utils.py", line 98, in execute
    return super().execute(sql, params)
  File "C:\Python38\lib\site-packages\django\db\backends\utils.py", line 66, in execute
    return self._execute_with_wrappers(sql, params, many=False, executor=self._execute)
  File "C:\Python38\lib\site-packages\django\db\backends\utils.py", line 75, in _execute_with_wrappers
    return executor(sql, params, many, context)
  File "C:\Python38\lib\site-packages\django\db\backends\utils.py", line 84, in _execute
    return self.cursor.execute(sql, params)
  File "C:\Python38\lib\site-packages\django\db\utils.py", line 90, in __exit__
    raise dj_exc_value.with_traceback(traceback) from exc_value
  File "C:\Python38\lib\site-packages\django\db\backends\utils.py", line 84, in _execute
    return self.cursor.execute(sql, params)
  File "C:\Python38\lib\site-packages\django\db\backends\sqlite3\base.py", line 413, in execute
    return Database.Cursor.execute(self, query, params)
django.db.utils.OperationalError: no such column: newapp_category.category_name_en_us
2021-09-10 16:23:05,961 ERROR "GET /news/458/ HTTP/1.1" 500 168310 C:\Python38\lib\site-packages\django\core\servers\basehttp.py None
2021-09-10 16:23:29,321 ERROR Internal Server Error: /news/458/ C:\Python38\lib\site-packages\django\utils\log.py (<class 'django.db.utils.OperationalError'>, OperationalError('no such column: newapp_category.category_name_en_us'), <traceback object at 0x0000020DC15EB840>)
Traceback (most recent call last):
  File "C:\Python38\lib\site-packages\django\db\models\fields\related_descriptors.py", line 173, in __get__
    rel_obj = self.field.get_cached_value(instance)
  File "C:\Python38\lib\site-packages\django\db\models\fields\mixins.py", line 15, in get_cached_value
    return instance._state.fields_cache[cache_name]
KeyError: 'category'

During handling of the above exception, another exception occurred:

Traceback (most recent call last):
  File "C:\Python38\lib\site-packages\django\db\backends\utils.py", line 84, in _execute
    return self.cursor.execute(sql, params)
  File "C:\Python38\lib\site-packages\django\db\backends\sqlite3\base.py", line 413, in execute
    return Database.Cursor.execute(self, query, params)
sqlite3.OperationalError: no such column: newapp_category.category_name_en_us

The above exception was the direct cause of the following exception:

Traceback (most recent call last):
  File "C:\Python38\lib\site-packages\django\core\handlers\exception.py", line 47, in inner
    response = get_response(request)
  File "C:\Python38\lib\site-packages\django\core\handlers\base.py", line 181, in _get_response
    response = wrapped_callback(request, *callback_args, **callback_kwargs)
  File "C:\Python38\lib\site-packages\django\views\generic\base.py", line 70, in view
    return self.dispatch(request, *args, **kwargs)
  File "C:\Python38\lib\site-packages\django\views\generic\base.py", line 98, in dispatch
    return handler(request, *args, **kwargs)
  File "C:\Python38\lib\site-packages\django\views\generic\detail.py", line 107, in get
    context = self.get_context_data(object=self.object)
  File "C:\Users\Malish75\Desktop\D14_Module_localization\newapp\views.py", line 68, in get_context_data
    context['PCC'] = PostCategory.objects.get(post=self.kwargs['pk']).category
  File "C:\Python38\lib\site-packages\django\db\models\fields\related_descriptors.py", line 187, in __get__
    rel_obj = self.get_object(instance)
  File "C:\Python38\lib\site-packages\django\db\models\fields\related_descriptors.py", line 154, in get_object
    return qs.get(self.field.get_reverse_related_filter(instance))
  File "C:\Python38\lib\site-packages\django\db\models\query.py", line 425, in get
    num = len(clone)
  File "C:\Python38\lib\site-packages\django\db\models\query.py", line 269, in __len__
    self._fetch_all()
  File "C:\Python38\lib\site-packages\django\db\models\query.py", line 1308, in _fetch_all
    self._result_cache = list(self._iterable_class(self))
  File "C:\Python38\lib\site-packages\django\db\models\query.py", line 53, in __iter__
    results = compiler.execute_sql(chunked_fetch=self.chunked_fetch, chunk_size=self.chunk_size)
  File "C:\Python38\lib\site-packages\django\db\models\sql\compiler.py", line 1156, in execute_sql
    cursor.execute(sql, params)
  File "C:\Python38\lib\site-packages\django\db\backends\utils.py", line 98, in execute
    return super().execute(sql, params)
  File "C:\Python38\lib\site-packages\django\db\backends\utils.py", line 66, in execute
    return self._execute_with_wrappers(sql, params, many=False, executor=self._execute)
  File "C:\Python38\lib\site-packages\django\db\backends\utils.py", line 75, in _execute_with_wrappers
    return executor(sql, params, many, context)
  File "C:\Python38\lib\site-packages\django\db\backends\utils.py", line 84, in _execute
    return self.cursor.execute(sql, params)
  File "C:\Python38\lib\site-packages\django\db\utils.py", line 90, in __exit__
    raise dj_exc_value.with_traceback(traceback) from exc_value
  File "C:\Python38\lib\site-packages\django\db\backends\utils.py", line 84, in _execute
    return self.cursor.execute(sql, params)
  File "C:\Python38\lib\site-packages\django\db\backends\sqlite3\base.py", line 413, in execute
    return Database.Cursor.execute(self, query, params)
django.db.utils.OperationalError: no such column: newapp_category.category_name_en_us
2021-09-10 16:23:29,326 ERROR "GET /news/458/ HTTP/1.1" 500 168316 C:\Python38\lib\site-packages\django\core\servers\basehttp.py None
2021-09-10 16:24:00,087 ERROR Internal Server Error: /contact/ C:\Python38\lib\site-packages\django\utils\log.py (<class 'django.template.exceptions.TemplateSyntaxError'>, TemplateSyntaxError("Invalid block tag on line 10: 'trans', expected 'endblock'. Did you forget to register or load this tag?"), <traceback object at 0x0000020DC27BCE00>)
Traceback (most recent call last):
  File "C:\Python38\lib\site-packages\django\template\base.py", line 470, in parse
    compile_func = self.tags[command]
KeyError: 'trans'

During handling of the above exception, another exception occurred:

Traceback (most recent call last):
  File "C:\Python38\lib\site-packages\django\core\handlers\exception.py", line 47, in inner
    response = get_response(request)
  File "C:\Python38\lib\site-packages\django\utils\deprecation.py", line 116, in __call__
    response = self.process_response(request, response)
  File "C:\Python38\lib\site-packages\django\contrib\flatpages\middleware.py", line 12, in process_response
    return flatpage(request, request.path_info)
  File "C:\Python38\lib\site-packages\django\contrib\flatpages\views.py", line 45, in flatpage
    return render_flatpage(request, f)
  File "C:\Python38\lib\site-packages\django\utils\decorators.py", line 130, in _wrapped_view
    response = view_func(request, *args, **kwargs)
  File "C:\Python38\lib\site-packages\django\contrib\flatpages\views.py", line 59, in render_flatpage
    template = loader.select_template((f.template_name, DEFAULT_TEMPLATE))
  File "C:\Python38\lib\site-packages\django\template\loader.py", line 42, in select_template
    return engine.get_template(template_name)
  File "C:\Python38\lib\site-packages\django\template\backends\django.py", line 34, in get_template
    return Template(self.engine.get_template(template_name), self)
  File "C:\Python38\lib\site-packages\django\template\engine.py", line 143, in get_template
    template, origin = self.find_template(template_name)
  File "C:\Python38\lib\site-packages\django\template\engine.py", line 125, in find_template
    template = loader.get_template(name, skip=skip)
  File "C:\Python38\lib\site-packages\django\template\loaders\base.py", line 29, in get_template
    return Template(
  File "C:\Python38\lib\site-packages\django\template\base.py", line 155, in __init__
    self.nodelist = self.compile_nodelist()
  File "C:\Python38\lib\site-packages\django\template\base.py", line 193, in compile_nodelist
    return parser.parse()
  File "C:\Python38\lib\site-packages\django\template\base.py", line 478, in parse
    raise self.error(token, e)
  File "C:\Python38\lib\site-packages\django\template\base.py", line 476, in parse
    compiled_result = compile_func(self, token)
  File "C:\Python38\lib\site-packages\django\template\loader_tags.py", line 270, in do_extends
    nodelist = parser.parse()
  File "C:\Python38\lib\site-packages\django\template\base.py", line 478, in parse
    raise self.error(token, e)
  File "C:\Python38\lib\site-packages\django\template\base.py", line 476, in parse
    compiled_result = compile_func(self, token)
  File "C:\Python38\lib\site-packages\django\template\loader_tags.py", line 213, in do_block
    nodelist = parser.parse(('endblock',))
  File "C:\Python38\lib\site-packages\django\template\base.py", line 472, in parse
    self.invalid_block_tag(token, command, parse_until)
  File "C:\Python38\lib\site-packages\django\template\base.py", line 522, in invalid_block_tag
    raise self.error(
django.template.exceptions.TemplateSyntaxError: Invalid block tag on line 10: 'trans', expected 'endblock'. Did you forget to register or load this tag?
2021-09-10 16:24:00,092 ERROR "GET /contact/ HTTP/1.1" 500 159609 C:\Python38\lib\site-packages\django\core\servers\basehttp.py None
2021-09-10 16:24:54,099 ERROR Internal Server Error: /news/458/ C:\Python38\lib\site-packages\django\utils\log.py (<class 'django.db.utils.OperationalError'>, OperationalError('no such column: newapp_category.category_name_en_us'), <traceback object at 0x0000020DC27D76C0>)
Traceback (most recent call last):
  File "C:\Python38\lib\site-packages\django\db\models\fields\related_descriptors.py", line 173, in __get__
    rel_obj = self.field.get_cached_value(instance)
  File "C:\Python38\lib\site-packages\django\db\models\fields\mixins.py", line 15, in get_cached_value
    return instance._state.fields_cache[cache_name]
KeyError: 'category'

During handling of the above exception, another exception occurred:

Traceback (most recent call last):
  File "C:\Python38\lib\site-packages\django\db\backends\utils.py", line 84, in _execute
    return self.cursor.execute(sql, params)
  File "C:\Python38\lib\site-packages\django\db\backends\sqlite3\base.py", line 413, in execute
    return Database.Cursor.execute(self, query, params)
sqlite3.OperationalError: no such column: newapp_category.category_name_en_us

The above exception was the direct cause of the following exception:

Traceback (most recent call last):
  File "C:\Python38\lib\site-packages\django\core\handlers\exception.py", line 47, in inner
    response = get_response(request)
  File "C:\Python38\lib\site-packages\django\core\handlers\base.py", line 181, in _get_response
    response = wrapped_callback(request, *callback_args, **callback_kwargs)
  File "C:\Python38\lib\site-packages\django\views\generic\base.py", line 70, in view
    return self.dispatch(request, *args, **kwargs)
  File "C:\Python38\lib\site-packages\django\views\generic\base.py", line 98, in dispatch
    return handler(request, *args, **kwargs)
  File "C:\Python38\lib\site-packages\django\views\generic\detail.py", line 107, in get
    context = self.get_context_data(object=self.object)
  File "C:\Users\Malish75\Desktop\D14_Module_localization\newapp\views.py", line 68, in get_context_data
    context['PCC'] = PostCategory.objects.get(post=self.kwargs['pk']).category
  File "C:\Python38\lib\site-packages\django\db\models\fields\related_descriptors.py", line 187, in __get__
    rel_obj = self.get_object(instance)
  File "C:\Python38\lib\site-packages\django\db\models\fields\related_descriptors.py", line 154, in get_object
    return qs.get(self.field.get_reverse_related_filter(instance))
  File "C:\Python38\lib\site-packages\django\db\models\query.py", line 425, in get
    num = len(clone)
  File "C:\Python38\lib\site-packages\django\db\models\query.py", line 269, in __len__
    self._fetch_all()
  File "C:\Python38\lib\site-packages\django\db\models\query.py", line 1308, in _fetch_all
    self._result_cache = list(self._iterable_class(self))
  File "C:\Python38\lib\site-packages\django\db\models\query.py", line 53, in __iter__
    results = compiler.execute_sql(chunked_fetch=self.chunked_fetch, chunk_size=self.chunk_size)
  File "C:\Python38\lib\site-packages\django\db\models\sql\compiler.py", line 1156, in execute_sql
    cursor.execute(sql, params)
  File "C:\Python38\lib\site-packages\django\db\backends\utils.py", line 98, in execute
    return super().execute(sql, params)
  File "C:\Python38\lib\site-packages\django\db\backends\utils.py", line 66, in execute
    return self._execute_with_wrappers(sql, params, many=False, executor=self._execute)
  File "C:\Python38\lib\site-packages\django\db\backends\utils.py", line 75, in _execute_with_wrappers
    return executor(sql, params, many, context)
  File "C:\Python38\lib\site-packages\django\db\backends\utils.py", line 84, in _execute
    return self.cursor.execute(sql, params)
  File "C:\Python38\lib\site-packages\django\db\utils.py", line 90, in __exit__
    raise dj_exc_value.with_traceback(traceback) from exc_value
  File "C:\Python38\lib\site-packages\django\db\backends\utils.py", line 84, in _execute
    return self.cursor.execute(sql, params)
  File "C:\Python38\lib\site-packages\django\db\backends\sqlite3\base.py", line 413, in execute
    return Database.Cursor.execute(self, query, params)
django.db.utils.OperationalError: no such column: newapp_category.category_name_en_us
2021-09-10 16:24:54,104 ERROR "GET /news/458/ HTTP/1.1" 500 168310 C:\Python38\lib\site-packages\django\core\servers\basehttp.py None
2021-09-10 16:25:54,223 ERROR Internal Server Error: /news/458/ C:\Python38\lib\site-packages\django\utils\log.py (<class 'django.db.utils.OperationalError'>, OperationalError('no such column: newapp_category.category_name_en_us'), <traceback object at 0x000001CB0899C6C0>)
Traceback (most recent call last):
  File "C:\Python38\lib\site-packages\django\db\models\fields\related_descriptors.py", line 173, in __get__
    rel_obj = self.field.get_cached_value(instance)
  File "C:\Python38\lib\site-packages\django\db\models\fields\mixins.py", line 15, in get_cached_value
    return instance._state.fields_cache[cache_name]
KeyError: 'category'

During handling of the above exception, another exception occurred:

Traceback (most recent call last):
  File "C:\Python38\lib\site-packages\django\db\backends\utils.py", line 84, in _execute
    return self.cursor.execute(sql, params)
  File "C:\Python38\lib\site-packages\django\db\backends\sqlite3\base.py", line 413, in execute
    return Database.Cursor.execute(self, query, params)
sqlite3.OperationalError: no such column: newapp_category.category_name_en_us

The above exception was the direct cause of the following exception:

Traceback (most recent call last):
  File "C:\Python38\lib\site-packages\django\core\handlers\exception.py", line 47, in inner
    response = get_response(request)
  File "C:\Python38\lib\site-packages\django\core\handlers\base.py", line 181, in _get_response
    response = wrapped_callback(request, *callback_args, **callback_kwargs)
  File "C:\Python38\lib\site-packages\django\views\generic\base.py", line 70, in view
    return self.dispatch(request, *args, **kwargs)
  File "C:\Python38\lib\site-packages\django\views\generic\base.py", line 98, in dispatch
    return handler(request, *args, **kwargs)
  File "C:\Python38\lib\site-packages\django\views\generic\detail.py", line 107, in get
    context = self.get_context_data(object=self.object)
  File "C:\Users\Malish75\Desktop\D14_Module_localization\newapp\views.py", line 68, in get_context_data
    context['PCC'] = PostCategory.objects.get(post=self.kwargs['pk']).category
  File "C:\Python38\lib\site-packages\django\db\models\fields\related_descriptors.py", line 187, in __get__
    rel_obj = self.get_object(instance)
  File "C:\Python38\lib\site-packages\django\db\models\fields\related_descriptors.py", line 154, in get_object
    return qs.get(self.field.get_reverse_related_filter(instance))
  File "C:\Python38\lib\site-packages\django\db\models\query.py", line 425, in get
    num = len(clone)
  File "C:\Python38\lib\site-packages\django\db\models\query.py", line 269, in __len__
    self._fetch_all()
  File "C:\Python38\lib\site-packages\django\db\models\query.py", line 1308, in _fetch_all
    self._result_cache = list(self._iterable_class(self))
  File "C:\Python38\lib\site-packages\django\db\models\query.py", line 53, in __iter__
    results = compiler.execute_sql(chunked_fetch=self.chunked_fetch, chunk_size=self.chunk_size)
  File "C:\Python38\lib\site-packages\django\db\models\sql\compiler.py", line 1156, in execute_sql
    cursor.execute(sql, params)
  File "C:\Python38\lib\site-packages\django\db\backends\utils.py", line 98, in execute
    return super().execute(sql, params)
  File "C:\Python38\lib\site-packages\django\db\backends\utils.py", line 66, in execute
    return self._execute_with_wrappers(sql, params, many=False, executor=self._execute)
  File "C:\Python38\lib\site-packages\django\db\backends\utils.py", line 75, in _execute_with_wrappers
    return executor(sql, params, many, context)
  File "C:\Python38\lib\site-packages\django\db\backends\utils.py", line 84, in _execute
    return self.cursor.execute(sql, params)
  File "C:\Python38\lib\site-packages\django\db\utils.py", line 90, in __exit__
    raise dj_exc_value.with_traceback(traceback) from exc_value
  File "C:\Python38\lib\site-packages\django\db\backends\utils.py", line 84, in _execute
    return self.cursor.execute(sql, params)
  File "C:\Python38\lib\site-packages\django\db\backends\sqlite3\base.py", line 413, in execute
    return Database.Cursor.execute(self, query, params)
django.db.utils.OperationalError: no such column: newapp_category.category_name_en_us
2021-09-10 16:25:54,223 ERROR "GET /news/458/ HTTP/1.1" 500 168447 C:\Python38\lib\site-packages\django\core\servers\basehttp.py None
2021-09-24 14:30:53,210 ERROR You're accessing the development server over HTTPS, but it only supports HTTP.
 C:\Python38\lib\site-packages\django\core\servers\basehttp.py None
2021-09-24 14:30:53,321 ERROR You're accessing the development server over HTTPS, but it only supports HTTP.
 C:\Python38\lib\site-packages\django\core\servers\basehttp.py None
2021-09-24 14:31:20,850 ERROR You're accessing the development server over HTTPS, but it only supports HTTP.
 C:\Python38\lib\site-packages\django\core\servers\basehttp.py None
2021-09-24 14:31:20,854 ERROR You're accessing the development server over HTTPS, but it only supports HTTP.
 C:\Python38\lib\site-packages\django\core\servers\basehttp.py None
2021-09-24 14:32:50,689 ERROR You're accessing the development server over HTTPS, but it only supports HTTP.
 C:\Python38\lib\site-packages\django\core\servers\basehttp.py None
2021-09-24 14:32:50,689 ERROR You're accessing the development server over HTTPS, but it only supports HTTP.
 C:\Python38\lib\site-packages\django\core\servers\basehttp.py None
2021-09-24 14:32:50,707 ERROR You're accessing the development server over HTTPS, but it only supports HTTP.
 C:\Python38\lib\site-packages\django\core\servers\basehttp.py None
2021-09-24 14:32:50,712 ERROR You're accessing the development server over HTTPS, but it only supports HTTP.
 C:\Python38\lib\site-packages\django\core\servers\basehttp.py None
2021-09-24 14:44:46,065 ERROR You're accessing the development server over HTTPS, but it only supports HTTP.
 C:\Python38\lib\site-packages\django\core\servers\basehttp.py None
2021-09-24 14:44:46,066 ERROR You're accessing the development server over HTTPS, but it only supports HTTP.
 C:\Python38\lib\site-packages\django\core\servers\basehttp.py None
2021-09-24 14:44:46,067 ERROR You're accessing the development server over HTTPS, but it only supports HTTP.
 C:\Python38\lib\site-packages\django\core\servers\basehttp.py None
2021-09-24 14:44:46,068 ERROR You're accessing the development server over HTTPS, but it only supports HTTP.
 C:\Python38\lib\site-packages\django\core\servers\basehttp.py None
2021-09-24 14:44:46,076 ERROR You're accessing the development server over HTTPS, but it only supports HTTP.
 C:\Python38\lib\site-packages\django\core\servers\basehttp.py None
2021-09-24 14:44:46,078 ERROR You're accessing the development server over HTTPS, but it only supports HTTP.
 C:\Python38\lib\site-packages\django\core\servers\basehttp.py None
2021-09-24 14:44:56,787 ERROR You're accessing the development server over HTTPS, but it only supports HTTP.
 C:\Python38\lib\site-packages\django\core\servers\basehttp.py None
2021-09-24 14:44:56,789 ERROR You're accessing the development server over HTTPS, but it only supports HTTP.
 C:\Python38\lib\site-packages\django\core\servers\basehttp.py None
2021-09-24 14:44:56,795 ERROR You're accessing the development server over HTTPS, but it only supports HTTP.
 C:\Python38\lib\site-packages\django\core\servers\basehttp.py None
2021-09-24 14:44:56,796 ERROR You're accessing the development server over HTTPS, but it only supports HTTP.
 C:\Python38\lib\site-packages\django\core\servers\basehttp.py None
2021-09-24 14:45:01,459 ERROR You're accessing the development server over HTTPS, but it only supports HTTP.
 C:\Python38\lib\site-packages\django\core\servers\basehttp.py None
2021-09-24 14:45:01,460 ERROR You're accessing the development server over HTTPS, but it only supports HTTP.
 C:\Python38\lib\site-packages\django\core\servers\basehttp.py None
2021-09-24 14:45:01,462 ERROR You're accessing the development server over HTTPS, but it only supports HTTP.
 C:\Python38\lib\site-packages\django\core\servers\basehttp.py None
2021-09-24 14:45:01,463 ERROR You're accessing the development server over HTTPS, but it only supports HTTP.
 C:\Python38\lib\site-packages\django\core\servers\basehttp.py None
2021-09-24 14:45:02,670 ERROR You're accessing the development server over HTTPS, but it only supports HTTP.
 C:\Python38\lib\site-packages\django\core\servers\basehttp.py None
2021-09-24 14:45:02,671 ERROR You're accessing the development server over HTTPS, but it only supports HTTP.
 C:\Python38\lib\site-packages\django\core\servers\basehttp.py None
2021-09-24 14:45:02,677 ERROR You're accessing the development server over HTTPS, but it only supports HTTP.
 C:\Python38\lib\site-packages\django\core\servers\basehttp.py None
2021-09-24 14:45:02,678 ERROR You're accessing the development server over HTTPS, but it only supports HTTP.
 C:\Python38\lib\site-packages\django\core\servers\basehttp.py None
2021-09-24 14:58:41,700 ERROR You're accessing the development server over HTTPS, but it only supports HTTP.
 C:\Python38\lib\site-packages\django\core\servers\basehttp.py None
2021-09-24 14:58:41,702 ERROR You're accessing the development server over HTTPS, but it only supports HTTP.
 C:\Python38\lib\site-packages\django\core\servers\basehttp.py None
2021-09-24 14:58:41,706 ERROR You're accessing the development server over HTTPS, but it only supports HTTP.
 C:\Python38\lib\site-packages\django\core\servers\basehttp.py None
2021-09-24 14:58:41,708 ERROR You're accessing the development server over HTTPS, but it only supports HTTP.
 C:\Python38\lib\site-packages\django\core\servers\basehttp.py None
2021-09-24 14:58:41,727 ERROR You're accessing the development server over HTTPS, but it only supports HTTP.
 C:\Python38\lib\site-packages\django\core\servers\basehttp.py None
2021-09-24 14:58:41,728 ERROR You're accessing the development server over HTTPS, but it only supports HTTP.
 C:\Python38\lib\site-packages\django\core\servers\basehttp.py None
2021-09-24 15:05:02,589 ERROR You're accessing the development server over HTTPS, but it only supports HTTP.
 C:\Python38\lib\site-packages\django\core\servers\basehttp.py None
2021-09-24 15:05:02,593 ERROR You're accessing the development server over HTTPS, but it only supports HTTP.
 C:\Python38\lib\site-packages\django\core\servers\basehttp.py None
2021-09-24 15:07:34,867 ERROR You're accessing the development server over HTTPS, but it only supports HTTP.
 C:\Python38\lib\site-packages\django\core\servers\basehttp.py None
2021-09-24 15:07:34,873 ERROR You're accessing the development server over HTTPS, but it only supports HTTP.
 C:\Python38\lib\site-packages\django\core\servers\basehttp.py None
2021-09-24 15:07:34,873 ERROR You're accessing the development server over HTTPS, but it only supports HTTP.
 C:\Python38\lib\site-packages\django\core\servers\basehttp.py None
2021-09-24 15:07:34,892 ERROR You're accessing the development server over HTTPS, but it only supports HTTP.
 C:\Python38\lib\site-packages\django\core\servers\basehttp.py None
2021-09-24 15:07:48,395 ERROR You're accessing the development server over HTTPS, but it only supports HTTP.
 C:\Python38\lib\site-packages\django\core\servers\basehttp.py None
2021-09-24 15:07:48,395 ERROR You're accessing the development server over HTTPS, but it only supports HTTP.
 C:\Python38\lib\site-packages\django\core\servers\basehttp.py None
2021-09-24 15:07:48,395 ERROR You're accessing the development server over HTTPS, but it only supports HTTP.
 C:\Python38\lib\site-packages\django\core\servers\basehttp.py None
2021-09-24 15:07:48,395 ERROR You're accessing the development server over HTTPS, but it only supports HTTP.
 C:\Python38\lib\site-packages\django\core\servers\basehttp.py None
2021-09-24 15:08:13,579 ERROR You're accessing the development server over HTTPS, but it only supports HTTP.
 C:\Python38\lib\site-packages\django\core\servers\basehttp.py None
2021-09-24 15:08:14,087 ERROR You're accessing the development server over HTTPS, but it only supports HTTP.
 C:\Python38\lib\site-packages\django\core\servers\basehttp.py None
2021-09-24 15:08:14,710 ERROR You're accessing the development server over HTTPS, but it only supports HTTP.
 C:\Python38\lib\site-packages\django\core\servers\basehttp.py None
2021-09-24 15:08:14,713 ERROR You're accessing the development server over HTTPS, but it only supports HTTP.
 C:\Python38\lib\site-packages\django\core\servers\basehttp.py None
2021-09-24 15:08:20,104 ERROR You're accessing the development server over HTTPS, but it only supports HTTP.
 C:\Python38\lib\site-packages\django\core\servers\basehttp.py None
2021-09-24 15:08:20,106 ERROR You're accessing the development server over HTTPS, but it only supports HTTP.
 C:\Python38\lib\site-packages\django\core\servers\basehttp.py None
2021-09-24 15:08:20,108 ERROR You're accessing the development server over HTTPS, but it only supports HTTP.
 C:\Python38\lib\site-packages\django\core\servers\basehttp.py None
2021-09-24 15:08:20,108 ERROR You're accessing the development server over HTTPS, but it only supports HTTP.
 C:\Python38\lib\site-packages\django\core\servers\basehttp.py None
2021-09-24 15:09:02,631 ERROR You're accessing the development server over HTTPS, but it only supports HTTP.
 C:\Python38\lib\site-packages\django\core\servers\basehttp.py None
2021-09-24 15:09:02,634 ERROR You're accessing the development server over HTTPS, but it only supports HTTP.
 C:\Python38\lib\site-packages\django\core\servers\basehttp.py None
2021-09-24 15:09:02,636 ERROR You're accessing the development server over HTTPS, but it only supports HTTP.
 C:\Python38\lib\site-packages\django\core\servers\basehttp.py None
2021-09-24 15:09:02,638 ERROR You're accessing the development server over HTTPS, but it only supports HTTP.
 C:\Python38\lib\site-packages\django\core\servers\basehttp.py None
2021-09-24 15:11:06,901 ERROR You're accessing the development server over HTTPS, but it only supports HTTP.
 C:\Python38\lib\site-packages\django\core\servers\basehttp.py None
2021-09-24 15:11:06,912 ERROR You're accessing the development server over HTTPS, but it only supports HTTP.
 C:\Python38\lib\site-packages\django\core\servers\basehttp.py None
2021-09-24 15:40:27,184 ERROR You're accessing the development server over HTTPS, but it only supports HTTP.
 C:\Python38\lib\site-packages\django\core\servers\basehttp.py None
2021-09-24 15:40:27,184 ERROR You're accessing the development server over HTTPS, but it only supports HTTP.
 C:\Python38\lib\site-packages\django\core\servers\basehttp.py None
2021-09-24 15:40:27,187 ERROR You're accessing the development server over HTTPS, but it only supports HTTP.
 C:\Python38\lib\site-packages\django\core\servers\basehttp.py None
2021-09-24 15:40:27,188 ERROR You're accessing the development server over HTTPS, but it only supports HTTP.
 C:\Python38\lib\site-packages\django\core\servers\basehttp.py None
2021-09-24 15:40:29,355 ERROR You're accessing the development server over HTTPS, but it only supports HTTP.
 C:\Python38\lib\site-packages\django\core\servers\basehttp.py None
2021-09-24 15:40:29,358 ERROR You're accessing the development server over HTTPS, but it only supports HTTP.
 C:\Python38\lib\site-packages\django\core\servers\basehttp.py None
2021-09-24 15:40:29,361 ERROR You're accessing the development server over HTTPS, but it only supports HTTP.
 C:\Python38\lib\site-packages\django\core\servers\basehttp.py None
2021-09-24 15:40:29,362 ERROR You're accessing the development server over HTTPS, but it only supports HTTP.
 C:\Python38\lib\site-packages\django\core\servers\basehttp.py None
2021-09-24 15:43:44,130 ERROR You're accessing the development server over HTTPS, but it only supports HTTP.
 C:\Python38\lib\site-packages\django\core\servers\basehttp.py None
2021-09-24 15:43:44,146 ERROR You're accessing the development server over HTTPS, but it only supports HTTP.
 C:\Python38\lib\site-packages\django\core\servers\basehttp.py None
2021-09-24 15:43:44,146 ERROR You're accessing the development server over HTTPS, but it only supports HTTP.
 C:\Python38\lib\site-packages\django\core\servers\basehttp.py None
2021-09-24 15:43:44,146 ERROR You're accessing the development server over HTTPS, but it only supports HTTP.
 C:\Python38\lib\site-packages\django\core\servers\basehttp.py None
2021-09-24 15:43:51,118 ERROR You're accessing the development server over HTTPS, but it only supports HTTP.
 C:\Python38\lib\site-packages\django\core\servers\basehttp.py None
2021-09-24 15:43:51,131 ERROR You're accessing the development server over HTTPS, but it only supports HTTP.
 C:\Python38\lib\site-packages\django\core\servers\basehttp.py None
2021-09-24 15:43:52,032 ERROR You're accessing the development server over HTTPS, but it only supports HTTP.
 C:\Python38\lib\site-packages\django\core\servers\basehttp.py None
2021-09-24 15:43:52,032 ERROR You're accessing the development server over HTTPS, but it only supports HTTP.
 C:\Python38\lib\site-packages\django\core\servers\basehttp.py None
2021-09-24 15:44:05,931 ERROR You're accessing the development server over HTTPS, but it only supports HTTP.
 C:\Python38\lib\site-packages\django\core\servers\basehttp.py None
2021-09-24 15:44:05,933 ERROR You're accessing the development server over HTTPS, but it only supports HTTP.
 C:\Python38\lib\site-packages\django\core\servers\basehttp.py None
2021-09-24 15:44:05,938 ERROR You're accessing the development server over HTTPS, but it only supports HTTP.
 C:\Python38\lib\site-packages\django\core\servers\basehttp.py None
2021-09-24 15:44:05,939 ERROR You're accessing the development server over HTTPS, but it only supports HTTP.
 C:\Python38\lib\site-packages\django\core\servers\basehttp.py None
2021-09-24 15:45:03,962 ERROR You're accessing the development server over HTTPS, but it only supports HTTP.
 C:\Python38\lib\site-packages\django\core\servers\basehttp.py None
2021-09-24 15:45:03,970 ERROR You're accessing the development server over HTTPS, but it only supports HTTP.
 C:\Python38\lib\site-packages\django\core\servers\basehttp.py None
2021-09-24 15:45:14,762 ERROR You're accessing the development server over HTTPS, but it only supports HTTP.
 C:\Python38\lib\site-packages\django\core\servers\basehttp.py None
2021-09-24 15:45:14,762 ERROR You're accessing the development server over HTTPS, but it only supports HTTP.
 C:\Python38\lib\site-packages\django\core\servers\basehttp.py None
2021-09-24 15:45:15,955 ERROR You're accessing the development server over HTTPS, but it only supports HTTP.
 C:\Python38\lib\site-packages\django\core\servers\basehttp.py None
2021-09-24 15:45:15,955 ERROR You're accessing the development server over HTTPS, but it only supports HTTP.
 C:\Python38\lib\site-packages\django\core\servers\basehttp.py None
2021-09-24 15:45:59,211 ERROR You're accessing the development server over HTTPS, but it only supports HTTP.
 C:\Python38\lib\site-packages\django\core\servers\basehttp.py None
2021-09-24 15:45:59,213 ERROR You're accessing the development server over HTTPS, but it only supports HTTP.
 C:\Python38\lib\site-packages\django\core\servers\basehttp.py None
2021-09-24 15:46:09,775 ERROR You're accessing the development server over HTTPS, but it only supports HTTP.
 C:\Python38\lib\site-packages\django\core\servers\basehttp.py None
2021-09-24 15:46:09,778 ERROR You're accessing the development server over HTTPS, but it only supports HTTP.
 C:\Python38\lib\site-packages\django\core\servers\basehttp.py None
2021-09-24 15:49:48,556 ERROR You're accessing the development server over HTTPS, but it only supports HTTP.
 C:\Python38\lib\site-packages\django\core\servers\basehttp.py None
2021-09-24 15:49:48,562 ERROR You're accessing the development server over HTTPS, but it only supports HTTP.
 C:\Python38\lib\site-packages\django\core\servers\basehttp.py None
2021-09-24 15:49:48,564 ERROR You're accessing the development server over HTTPS, but it only supports HTTP.
 C:\Python38\lib\site-packages\django\core\servers\basehttp.py None
2021-09-24 15:49:48,566 ERROR You're accessing the development server over HTTPS, but it only supports HTTP.
 C:\Python38\lib\site-packages\django\core\servers\basehttp.py None
2021-09-24 15:49:59,487 ERROR You're accessing the development server over HTTPS, but it only supports HTTP.
 C:\Python38\lib\site-packages\django\core\servers\basehttp.py None
2021-09-24 15:49:59,490 ERROR You're accessing the development server over HTTPS, but it only supports HTTP.
 C:\Python38\lib\site-packages\django\core\servers\basehttp.py None
2021-09-24 15:49:59,492 ERROR You're accessing the development server over HTTPS, but it only supports HTTP.
 C:\Python38\lib\site-packages\django\core\servers\basehttp.py None
2021-09-24 15:49:59,495 ERROR You're accessing the development server over HTTPS, but it only supports HTTP.
 C:\Python38\lib\site-packages\django\core\servers\basehttp.py None
2021-09-24 15:51:41,638 ERROR You're accessing the development server over HTTPS, but it only supports HTTP.
 C:\Python38\lib\site-packages\django\core\servers\basehttp.py None
2021-09-24 15:51:41,638 ERROR You're accessing the development server over HTTPS, but it only supports HTTP.
 C:\Python38\lib\site-packages\django\core\servers\basehttp.py None
2021-09-24 15:51:41,638 ERROR You're accessing the development server over HTTPS, but it only supports HTTP.
 C:\Python38\lib\site-packages\django\core\servers\basehttp.py None
2021-09-24 15:51:41,658 ERROR You're accessing the development server over HTTPS, but it only supports HTTP.
 C:\Python38\lib\site-packages\django\core\servers\basehttp.py None
2021-09-24 16:24:59,915 ERROR Internal Server Error: /about/ C:\Python38\lib\site-packages\django\utils\log.py (<class 'django.template.exceptions.TemplateSyntaxError'>, TemplateSyntaxError("Could not parse the remainder: '/' from '/'"), <traceback object at 0x0000015447CAD5C0>)
Traceback (most recent call last):
  File "C:\Python38\lib\site-packages\django\core\handlers\exception.py", line 47, in inner
    response = get_response(request)
  File "C:\Python38\lib\site-packages\django\utils\deprecation.py", line 116, in __call__
    response = self.process_response(request, response)
  File "C:\Python38\lib\site-packages\django\contrib\flatpages\middleware.py", line 12, in process_response
    return flatpage(request, request.path_info)
  File "C:\Python38\lib\site-packages\django\contrib\flatpages\views.py", line 45, in flatpage
    return render_flatpage(request, f)
  File "C:\Python38\lib\site-packages\django\utils\decorators.py", line 130, in _wrapped_view
    response = view_func(request, *args, **kwargs)
  File "C:\Python38\lib\site-packages\django\contrib\flatpages\views.py", line 59, in render_flatpage
    template = loader.select_template((f.template_name, DEFAULT_TEMPLATE))
  File "C:\Python38\lib\site-packages\django\template\loader.py", line 42, in select_template
    return engine.get_template(template_name)
  File "C:\Python38\lib\site-packages\django\template\backends\django.py", line 34, in get_template
    return Template(self.engine.get_template(template_name), self)
  File "C:\Python38\lib\site-packages\django\template\engine.py", line 143, in get_template
    template, origin = self.find_template(template_name)
  File "C:\Python38\lib\site-packages\django\template\engine.py", line 125, in find_template
    template = loader.get_template(name, skip=skip)
  File "C:\Python38\lib\site-packages\django\template\loaders\base.py", line 29, in get_template
    return Template(
  File "C:\Python38\lib\site-packages\django\template\base.py", line 155, in __init__
    self.nodelist = self.compile_nodelist()
  File "C:\Python38\lib\site-packages\django\template\base.py", line 193, in compile_nodelist
    return parser.parse()
  File "C:\Python38\lib\site-packages\django\template\base.py", line 478, in parse
    raise self.error(token, e)
  File "C:\Python38\lib\site-packages\django\template\base.py", line 476, in parse
    compiled_result = compile_func(self, token)
  File "C:\Python38\lib\site-packages\django\template\loader_tags.py", line 270, in do_extends
    nodelist = parser.parse()
  File "C:\Python38\lib\site-packages\django\template\base.py", line 478, in parse
    raise self.error(token, e)
  File "C:\Python38\lib\site-packages\django\template\base.py", line 476, in parse
    compiled_result = compile_func(self, token)
  File "C:\Python38\lib\site-packages\django\template\loader_tags.py", line 213, in do_block
    nodelist = parser.parse(('endblock',))
  File "C:\Python38\lib\site-packages\django\template\base.py", line 478, in parse
    raise self.error(token, e)
  File "C:\Python38\lib\site-packages\django\template\base.py", line 476, in parse
    compiled_result = compile_func(self, token)
  File "C:\Python38\lib\site-packages\django\templatetags\i18n.py", line 363, in do_translate
    message_string = parser.compile_filter(bits[1])
  File "C:\Python38\lib\site-packages\django\template\base.py", line 563, in compile_filter
    return FilterExpression(token, self)
  File "C:\Python38\lib\site-packages\django\template\base.py", line 662, in __init__
    raise TemplateSyntaxError("Could not parse the remainder: '%s' "
django.template.exceptions.TemplateSyntaxError: Could not parse the remainder: '/' from '/'
2021-09-24 16:24:59,931 ERROR "GET /about/ HTTP/1.1" 500 171428 C:\Python38\lib\site-packages\django\core\servers\basehttp.py None
2021-09-24 16:25:06,222 ERROR Internal Server Error: /about/ C:\Python38\lib\site-packages\django\utils\log.py (<class 'django.template.exceptions.TemplateSyntaxError'>, TemplateSyntaxError("Could not parse the remainder: '/' from '/'"), <traceback object at 0x0000015447C59D00>)
Traceback (most recent call last):
  File "C:\Python38\lib\site-packages\django\core\handlers\exception.py", line 47, in inner
    response = get_response(request)
  File "C:\Python38\lib\site-packages\django\utils\deprecation.py", line 116, in __call__
    response = self.process_response(request, response)
  File "C:\Python38\lib\site-packages\django\contrib\flatpages\middleware.py", line 12, in process_response
    return flatpage(request, request.path_info)
  File "C:\Python38\lib\site-packages\django\contrib\flatpages\views.py", line 45, in flatpage
    return render_flatpage(request, f)
  File "C:\Python38\lib\site-packages\django\utils\decorators.py", line 130, in _wrapped_view
    response = view_func(request, *args, **kwargs)
  File "C:\Python38\lib\site-packages\django\contrib\flatpages\views.py", line 59, in render_flatpage
    template = loader.select_template((f.template_name, DEFAULT_TEMPLATE))
  File "C:\Python38\lib\site-packages\django\template\loader.py", line 42, in select_template
    return engine.get_template(template_name)
  File "C:\Python38\lib\site-packages\django\template\backends\django.py", line 34, in get_template
    return Template(self.engine.get_template(template_name), self)
  File "C:\Python38\lib\site-packages\django\template\engine.py", line 143, in get_template
    template, origin = self.find_template(template_name)
  File "C:\Python38\lib\site-packages\django\template\engine.py", line 125, in find_template
    template = loader.get_template(name, skip=skip)
  File "C:\Python38\lib\site-packages\django\template\loaders\base.py", line 29, in get_template
    return Template(
  File "C:\Python38\lib\site-packages\django\template\base.py", line 155, in __init__
    self.nodelist = self.compile_nodelist()
  File "C:\Python38\lib\site-packages\django\template\base.py", line 193, in compile_nodelist
    return parser.parse()
  File "C:\Python38\lib\site-packages\django\template\base.py", line 478, in parse
    raise self.error(token, e)
  File "C:\Python38\lib\site-packages\django\template\base.py", line 476, in parse
    compiled_result = compile_func(self, token)
  File "C:\Python38\lib\site-packages\django\template\loader_tags.py", line 270, in do_extends
    nodelist = parser.parse()
  File "C:\Python38\lib\site-packages\django\template\base.py", line 478, in parse
    raise self.error(token, e)
  File "C:\Python38\lib\site-packages\django\template\base.py", line 476, in parse
    compiled_result = compile_func(self, token)
  File "C:\Python38\lib\site-packages\django\template\loader_tags.py", line 213, in do_block
    nodelist = parser.parse(('endblock',))
  File "C:\Python38\lib\site-packages\django\template\base.py", line 478, in parse
    raise self.error(token, e)
  File "C:\Python38\lib\site-packages\django\template\base.py", line 476, in parse
    compiled_result = compile_func(self, token)
  File "C:\Python38\lib\site-packages\django\templatetags\i18n.py", line 363, in do_translate
    message_string = parser.compile_filter(bits[1])
  File "C:\Python38\lib\site-packages\django\template\base.py", line 563, in compile_filter
    return FilterExpression(token, self)
  File "C:\Python38\lib\site-packages\django\template\base.py", line 662, in __init__
    raise TemplateSyntaxError("Could not parse the remainder: '%s' "
django.template.exceptions.TemplateSyntaxError: Could not parse the remainder: '/' from '/'
2021-09-24 16:25:06,222 ERROR "GET /about/ HTTP/1.1" 500 171428 C:\Python38\lib\site-packages\django\core\servers\basehttp.py None
2021-09-24 16:25:25,775 ERROR Internal Server Error: /about/ C:\Python38\lib\site-packages\django\utils\log.py (<class 'django.template.exceptions.TemplateSyntaxError'>, TemplateSyntaxError("Could not parse the remainder: '(' from '('"), <traceback object at 0x0000015447C7C1C0>)
Traceback (most recent call last):
  File "C:\Python38\lib\site-packages\django\core\handlers\exception.py", line 47, in inner
    response = get_response(request)
  File "C:\Python38\lib\site-packages\django\utils\deprecation.py", line 116, in __call__
    response = self.process_response(request, response)
  File "C:\Python38\lib\site-packages\django\contrib\flatpages\middleware.py", line 12, in process_response
    return flatpage(request, request.path_info)
  File "C:\Python38\lib\site-packages\django\contrib\flatpages\views.py", line 45, in flatpage
    return render_flatpage(request, f)
  File "C:\Python38\lib\site-packages\django\utils\decorators.py", line 130, in _wrapped_view
    response = view_func(request, *args, **kwargs)
  File "C:\Python38\lib\site-packages\django\contrib\flatpages\views.py", line 59, in render_flatpage
    template = loader.select_template((f.template_name, DEFAULT_TEMPLATE))
  File "C:\Python38\lib\site-packages\django\template\loader.py", line 42, in select_template
    return engine.get_template(template_name)
  File "C:\Python38\lib\site-packages\django\template\backends\django.py", line 34, in get_template
    return Template(self.engine.get_template(template_name), self)
  File "C:\Python38\lib\site-packages\django\template\engine.py", line 143, in get_template
    template, origin = self.find_template(template_name)
  File "C:\Python38\lib\site-packages\django\template\engine.py", line 125, in find_template
    template = loader.get_template(name, skip=skip)
  File "C:\Python38\lib\site-packages\django\template\loaders\base.py", line 29, in get_template
    return Template(
  File "C:\Python38\lib\site-packages\django\template\base.py", line 155, in __init__
    self.nodelist = self.compile_nodelist()
  File "C:\Python38\lib\site-packages\django\template\base.py", line 193, in compile_nodelist
    return parser.parse()
  File "C:\Python38\lib\site-packages\django\template\base.py", line 478, in parse
    raise self.error(token, e)
  File "C:\Python38\lib\site-packages\django\template\base.py", line 476, in parse
    compiled_result = compile_func(self, token)
  File "C:\Python38\lib\site-packages\django\template\loader_tags.py", line 270, in do_extends
    nodelist = parser.parse()
  File "C:\Python38\lib\site-packages\django\template\base.py", line 478, in parse
    raise self.error(token, e)
  File "C:\Python38\lib\site-packages\django\template\base.py", line 476, in parse
    compiled_result = compile_func(self, token)
  File "C:\Python38\lib\site-packages\django\template\loader_tags.py", line 213, in do_block
    nodelist = parser.parse(('endblock',))
  File "C:\Python38\lib\site-packages\django\template\base.py", line 478, in parse
    raise self.error(token, e)
  File "C:\Python38\lib\site-packages\django\template\base.py", line 476, in parse
    compiled_result = compile_func(self, token)
  File "C:\Python38\lib\site-packages\django\templatetags\i18n.py", line 363, in do_translate
    message_string = parser.compile_filter(bits[1])
  File "C:\Python38\lib\site-packages\django\template\base.py", line 563, in compile_filter
    return FilterExpression(token, self)
  File "C:\Python38\lib\site-packages\django\template\base.py", line 662, in __init__
    raise TemplateSyntaxError("Could not parse the remainder: '%s' "
django.template.exceptions.TemplateSyntaxError: Could not parse the remainder: '(' from '('
2021-09-24 16:25:25,790 ERROR "GET /about/ HTTP/1.1" 500 171428 C:\Python38\lib\site-packages\django\core\servers\basehttp.py None
2021-09-24 16:25:50,044 ERROR Internal Server Error: /about/ C:\Python38\lib\site-packages\django\utils\log.py (<class 'django.template.exceptions.TemplateSyntaxError'>, TemplateSyntaxError("Could not parse the remainder: '(' from '('"), <traceback object at 0x0000015446B29E40>)
Traceback (most recent call last):
  File "C:\Python38\lib\site-packages\django\core\handlers\exception.py", line 47, in inner
    response = get_response(request)
  File "C:\Python38\lib\site-packages\django\utils\deprecation.py", line 116, in __call__
    response = self.process_response(request, response)
  File "C:\Python38\lib\site-packages\django\contrib\flatpages\middleware.py", line 12, in process_response
    return flatpage(request, request.path_info)
  File "C:\Python38\lib\site-packages\django\contrib\flatpages\views.py", line 45, in flatpage
    return render_flatpage(request, f)
  File "C:\Python38\lib\site-packages\django\utils\decorators.py", line 130, in _wrapped_view
    response = view_func(request, *args, **kwargs)
  File "C:\Python38\lib\site-packages\django\contrib\flatpages\views.py", line 59, in render_flatpage
    template = loader.select_template((f.template_name, DEFAULT_TEMPLATE))
  File "C:\Python38\lib\site-packages\django\template\loader.py", line 42, in select_template
    return engine.get_template(template_name)
  File "C:\Python38\lib\site-packages\django\template\backends\django.py", line 34, in get_template
    return Template(self.engine.get_template(template_name), self)
  File "C:\Python38\lib\site-packages\django\template\engine.py", line 143, in get_template
    template, origin = self.find_template(template_name)
  File "C:\Python38\lib\site-packages\django\template\engine.py", line 125, in find_template
    template = loader.get_template(name, skip=skip)
  File "C:\Python38\lib\site-packages\django\template\loaders\base.py", line 29, in get_template
    return Template(
  File "C:\Python38\lib\site-packages\django\template\base.py", line 155, in __init__
    self.nodelist = self.compile_nodelist()
  File "C:\Python38\lib\site-packages\django\template\base.py", line 193, in compile_nodelist
    return parser.parse()
  File "C:\Python38\lib\site-packages\django\template\base.py", line 478, in parse
    raise self.error(token, e)
  File "C:\Python38\lib\site-packages\django\template\base.py", line 476, in parse
    compiled_result = compile_func(self, token)
  File "C:\Python38\lib\site-packages\django\template\loader_tags.py", line 270, in do_extends
    nodelist = parser.parse()
  File "C:\Python38\lib\site-packages\django\template\base.py", line 478, in parse
    raise self.error(token, e)
  File "C:\Python38\lib\site-packages\django\template\base.py", line 476, in parse
    compiled_result = compile_func(self, token)
  File "C:\Python38\lib\site-packages\django\template\loader_tags.py", line 213, in do_block
    nodelist = parser.parse(('endblock',))
  File "C:\Python38\lib\site-packages\django\template\base.py", line 478, in parse
    raise self.error(token, e)
  File "C:\Python38\lib\site-packages\django\template\base.py", line 476, in parse
    compiled_result = compile_func(self, token)
  File "C:\Python38\lib\site-packages\django\templatetags\i18n.py", line 363, in do_translate
    message_string = parser.compile_filter(bits[1])
  File "C:\Python38\lib\site-packages\django\template\base.py", line 563, in compile_filter
    return FilterExpression(token, self)
  File "C:\Python38\lib\site-packages\django\template\base.py", line 662, in __init__
    raise TemplateSyntaxError("Could not parse the remainder: '%s' "
django.template.exceptions.TemplateSyntaxError: Could not parse the remainder: '(' from '('
2021-09-24 16:25:50,047 ERROR "GET /about/ HTTP/1.1" 500 171400 C:\Python38\lib\site-packages\django\core\servers\basehttp.py None
2021-09-24 16:49:36,542 ERROR Internal Server Error: /news/458/ C:\Python38\lib\site-packages\django\utils\log.py (<class 'AttributeError'>, AttributeError("type object 'Category' has no attribute 'objects'"), <traceback object at 0x00000298CF56F140>)
Traceback (most recent call last):
  File "C:\Python38\lib\site-packages\django\core\handlers\exception.py", line 47, in inner
    response = get_response(request)
  File "C:\Python38\lib\site-packages\django\core\handlers\base.py", line 181, in _get_response
    response = wrapped_callback(request, *callback_args, **callback_kwargs)
  File "C:\Python38\lib\site-packages\django\views\generic\base.py", line 70, in view
    return self.dispatch(request, *args, **kwargs)
  File "C:\Python38\lib\site-packages\django\views\generic\base.py", line 98, in dispatch
    return handler(request, *args, **kwargs)
  File "C:\Python38\lib\site-packages\django\views\generic\detail.py", line 107, in get
    context = self.get_context_data(object=self.object)
  File "C:\Users\Malish75\Desktop\D14_Module_localization\newapp\views.py", line 69, in get_context_data
    context['all_category'] = Category.objects.get(post=self.kwargs.get('pk'))
AttributeError: type object 'Category' has no attribute 'objects'
2021-09-24 16:49:36,545 ERROR "GET /news/458/ HTTP/1.1" 500 86198 C:\Python38\lib\site-packages\django\core\servers\basehttp.py None
2021-09-24 16:50:00,383 ERROR Internal Server Error: /news/458/ C:\Python38\lib\site-packages\django\utils\log.py (<class 'AttributeError'>, AttributeError("type object 'Category' has no attribute 'objects'"), <traceback object at 0x00000298CF4F2A40>)
Traceback (most recent call last):
  File "C:\Python38\lib\site-packages\django\core\handlers\exception.py", line 47, in inner
    response = get_response(request)
  File "C:\Python38\lib\site-packages\django\core\handlers\base.py", line 181, in _get_response
    response = wrapped_callback(request, *callback_args, **callback_kwargs)
  File "C:\Python38\lib\site-packages\django\views\generic\base.py", line 70, in view
    return self.dispatch(request, *args, **kwargs)
  File "C:\Python38\lib\site-packages\django\views\generic\base.py", line 98, in dispatch
    return handler(request, *args, **kwargs)
  File "C:\Python38\lib\site-packages\django\views\generic\detail.py", line 107, in get
    context = self.get_context_data(object=self.object)
  File "C:\Users\Malish75\Desktop\D14_Module_localization\newapp\views.py", line 69, in get_context_data
    context['all_category'] = Category.objects.get(post=self.kwargs.get('pk'))
AttributeError: type object 'Category' has no attribute 'objects'
2021-09-24 16:50:00,386 ERROR "GET /news/458/ HTTP/1.1" 500 86198 C:\Python38\lib\site-packages\django\core\servers\basehttp.py None
2021-09-24 16:51:34,271 ERROR Internal Server Error: /news/458/ C:\Python38\lib\site-packages\django\utils\log.py (<class 'AttributeError'>, AttributeError("type object 'Category' has no attribute 'objects'"), <traceback object at 0x00000261C02CB0C0>)
Traceback (most recent call last):
  File "C:\Python38\lib\site-packages\django\core\handlers\exception.py", line 47, in inner
    response = get_response(request)
  File "C:\Python38\lib\site-packages\django\core\handlers\base.py", line 181, in _get_response
    response = wrapped_callback(request, *callback_args, **callback_kwargs)
  File "C:\Python38\lib\site-packages\django\views\generic\base.py", line 70, in view
    return self.dispatch(request, *args, **kwargs)
  File "C:\Python38\lib\site-packages\django\views\generic\base.py", line 98, in dispatch
    return handler(request, *args, **kwargs)
  File "C:\Python38\lib\site-packages\django\views\generic\detail.py", line 107, in get
    context = self.get_context_data(object=self.object)
  File "C:\Users\Malish75\Desktop\D14_Module_localization\newapp\views.py", line 69, in get_context_data
    context['all_category'] = Category.objects.get(post=self.kwargs.get('pk'))
AttributeError: type object 'Category' has no attribute 'objects'
2021-09-24 16:51:34,275 ERROR "GET /news/458/ HTTP/1.1" 500 86335 C:\Python38\lib\site-packages\django\core\servers\basehttp.py None
2021-09-27 12:28:26,393 ERROR Internal Server Error: /news/ C:\Python38\lib\site-packages\django\utils\log.py (<class 'django.template.exceptions.TemplateDoesNotExist'>, TemplateDoesNotExist('default.html'), <traceback object at 0x000001F509942280>)
Traceback (most recent call last):
  File "C:\Python38\lib\site-packages\django\core\handlers\exception.py", line 47, in inner
    response = get_response(request)
  File "C:\Python38\lib\site-packages\django\core\handlers\base.py", line 181, in _get_response
    response = wrapped_callback(request, *callback_args, **callback_kwargs)
  File "C:\Python38\lib\site-packages\django\views\generic\base.py", line 70, in view
    return self.dispatch(request, *args, **kwargs)
  File "C:\Python38\lib\site-packages\django\views\generic\base.py", line 98, in dispatch
    return handler(request, *args, **kwargs)
  File "C:\Users\Malish75\Desktop\D14_Module_localization\newapp\views.py", line 37, in get
    return HttpResponse(render(request, 'default.html', context))
  File "C:\Python38\lib\site-packages\django\shortcuts.py", line 19, in render
    content = loader.render_to_string(template_name, context, request, using=using)
  File "C:\Python38\lib\site-packages\django\template\loader.py", line 61, in render_to_string
    template = get_template(template_name, using=using)
  File "C:\Python38\lib\site-packages\django\template\loader.py", line 19, in get_template
    raise TemplateDoesNotExist(template_name, chain=chain)
django.template.exceptions.TemplateDoesNotExist: default.html
2021-09-27 12:28:26,398 ERROR "GET /news/ HTTP/1.1" 500 113623 C:\Python38\lib\site-packages\django\core\servers\basehttp.py None
2021-09-27 12:34:14,887 ERROR Internal Server Error: /news/ C:\Python38\lib\site-packages\django\utils\log.py (<class 'django.template.exceptions.TemplateSyntaxError'>, TemplateSyntaxError("Invalid block tag on line 23: 'get_current_timezone', expected 'endblock'. Did you forget to register or load this tag?"), <traceback object at 0x0000026641D95500>)
Traceback (most recent call last):
  File "C:\Python38\lib\site-packages\django\template\base.py", line 470, in parse
    compile_func = self.tags[command]
KeyError: 'get_current_timezone'

During handling of the above exception, another exception occurred:

Traceback (most recent call last):
  File "C:\Python38\lib\site-packages\django\core\handlers\exception.py", line 47, in inner
    response = get_response(request)
  File "C:\Python38\lib\site-packages\django\core\handlers\base.py", line 204, in _get_response
    response = response.render()
  File "C:\Python38\lib\site-packages\django\template\response.py", line 105, in render
    self.content = self.rendered_content
  File "C:\Python38\lib\site-packages\django\template\response.py", line 81, in rendered_content
    template = self.resolve_template(self.template_name)
  File "C:\Python38\lib\site-packages\django\template\response.py", line 63, in resolve_template
    return select_template(template, using=self.using)
  File "C:\Python38\lib\site-packages\django\template\loader.py", line 42, in select_template
    return engine.get_template(template_name)
  File "C:\Python38\lib\site-packages\django\template\backends\django.py", line 34, in get_template
    return Template(self.engine.get_template(template_name), self)
  File "C:\Python38\lib\site-packages\django\template\engine.py", line 143, in get_template
    template, origin = self.find_template(template_name)
  File "C:\Python38\lib\site-packages\django\template\engine.py", line 125, in find_template
    template = loader.get_template(name, skip=skip)
  File "C:\Python38\lib\site-packages\django\template\loaders\base.py", line 29, in get_template
    return Template(
  File "C:\Python38\lib\site-packages\django\template\base.py", line 155, in __init__
    self.nodelist = self.compile_nodelist()
  File "C:\Python38\lib\site-packages\django\template\base.py", line 193, in compile_nodelist
    return parser.parse()
  File "C:\Python38\lib\site-packages\django\template\base.py", line 478, in parse
    raise self.error(token, e)
  File "C:\Python38\lib\site-packages\django\template\base.py", line 476, in parse
    compiled_result = compile_func(self, token)
  File "C:\Python38\lib\site-packages\django\template\loader_tags.py", line 270, in do_extends
    nodelist = parser.parse()
  File "C:\Python38\lib\site-packages\django\template\base.py", line 478, in parse
    raise self.error(token, e)
  File "C:\Python38\lib\site-packages\django\template\base.py", line 476, in parse
    compiled_result = compile_func(self, token)
  File "C:\Python38\lib\site-packages\django\template\loader_tags.py", line 213, in do_block
    nodelist = parser.parse(('endblock',))
  File "C:\Python38\lib\site-packages\django\template\base.py", line 472, in parse
    self.invalid_block_tag(token, command, parse_until)
  File "C:\Python38\lib\site-packages\django\template\base.py", line 522, in invalid_block_tag
    raise self.error(
django.template.exceptions.TemplateSyntaxError: Invalid block tag on line 23: 'get_current_timezone', expected 'endblock'. Did you forget to register or load this tag?
2021-09-27 12:34:14,888 ERROR "GET /news/ HTTP/1.1" 500 175579 C:\Python38\lib\site-packages\django\core\servers\basehttp.py None
2021-09-27 12:38:15,971 ERROR Internal Server Error: /news/ C:\Python38\lib\site-packages\django\utils\log.py (<class 'django.template.exceptions.TemplateSyntaxError'>, TemplateSyntaxError("Invalid block tag on line 53: 'get_current_timezone'. Did you forget to register or load this tag?"), <traceback object at 0x000002044B29C440>)
Traceback (most recent call last):
  File "C:\Python38\lib\site-packages\django\template\base.py", line 470, in parse
    compile_func = self.tags[command]
KeyError: 'get_current_timezone'

During handling of the above exception, another exception occurred:

Traceback (most recent call last):
  File "C:\Python38\lib\site-packages\django\core\handlers\exception.py", line 47, in inner
    response = get_response(request)
  File "C:\Python38\lib\site-packages\django\core\handlers\base.py", line 204, in _get_response
    response = response.render()
  File "C:\Python38\lib\site-packages\django\template\response.py", line 105, in render
    self.content = self.rendered_content
  File "C:\Python38\lib\site-packages\django\template\response.py", line 83, in rendered_content
    return template.render(context, self._request)
  File "C:\Python38\lib\site-packages\django\template\backends\django.py", line 61, in render
    return self.template.render(context)
  File "C:\Python38\lib\site-packages\django\template\base.py", line 170, in render
    return self._render(context)
  File "C:\Python38\lib\site-packages\django\template\base.py", line 162, in _render
    return self.nodelist.render(context)
  File "C:\Python38\lib\site-packages\django\template\base.py", line 938, in render
    bit = node.render_annotated(context)
  File "C:\Python38\lib\site-packages\django\template\base.py", line 905, in render_annotated
    return self.render(context)
  File "C:\Python38\lib\site-packages\django\template\loader_tags.py", line 127, in render
    compiled_parent = self.get_parent(context)
  File "C:\Python38\lib\site-packages\django\template\loader_tags.py", line 124, in get_parent
    return self.find_template(parent, context)
  File "C:\Python38\lib\site-packages\django\template\loader_tags.py", line 103, in find_template
    template, origin = context.template.engine.find_template(
  File "C:\Python38\lib\site-packages\django\template\engine.py", line 125, in find_template
    template = loader.get_template(name, skip=skip)
  File "C:\Python38\lib\site-packages\django\template\loaders\base.py", line 29, in get_template
    return Template(
  File "C:\Python38\lib\site-packages\django\template\base.py", line 155, in __init__
    self.nodelist = self.compile_nodelist()
  File "C:\Python38\lib\site-packages\django\template\base.py", line 193, in compile_nodelist
    return parser.parse()
  File "C:\Python38\lib\site-packages\django\template\base.py", line 472, in parse
    self.invalid_block_tag(token, command, parse_until)
  File "C:\Python38\lib\site-packages\django\template\base.py", line 531, in invalid_block_tag
    raise self.error(
django.template.exceptions.TemplateSyntaxError: Invalid block tag on line 53: 'get_current_timezone'. Did you forget to register or load this tag?
2021-09-27 12:38:15,976 ERROR "GET /news/ HTTP/1.1" 500 221767 C:\Python38\lib\site-packages\django\core\servers\basehttp.py None
2021-09-27 14:14:39,061 ERROR Internal Server Error: /news/ C:\Python38\lib\site-packages\django\utils\log.py (<class 'django.urls.exceptions.NoReverseMatch'>, NoReverseMatch("Reverse for 'set_timezone' not found. 'set_timezone' is not a valid view function or pattern name."), <traceback object at 0x0000021190FFB740>)
Traceback (most recent call last):
  File "C:\Python38\lib\site-packages\django\core\handlers\exception.py", line 47, in inner
    response = get_response(request)
  File "C:\Python38\lib\site-packages\django\core\handlers\base.py", line 204, in _get_response
    response = response.render()
  File "C:\Python38\lib\site-packages\django\template\response.py", line 105, in render
    self.content = self.rendered_content
  File "C:\Python38\lib\site-packages\django\template\response.py", line 83, in rendered_content
    return template.render(context, self._request)
  File "C:\Python38\lib\site-packages\django\template\backends\django.py", line 61, in render
    return self.template.render(context)
  File "C:\Python38\lib\site-packages\django\template\base.py", line 170, in render
    return self._render(context)
  File "C:\Python38\lib\site-packages\django\template\base.py", line 162, in _render
    return self.nodelist.render(context)
  File "C:\Python38\lib\site-packages\django\template\base.py", line 938, in render
    bit = node.render_annotated(context)
  File "C:\Python38\lib\site-packages\django\template\base.py", line 905, in render_annotated
    return self.render(context)
  File "C:\Python38\lib\site-packages\django\template\loader_tags.py", line 150, in render
    return compiled_parent._render(context)
  File "C:\Python38\lib\site-packages\django\template\base.py", line 162, in _render
    return self.nodelist.render(context)
  File "C:\Python38\lib\site-packages\django\template\base.py", line 938, in render
    bit = node.render_annotated(context)
  File "C:\Python38\lib\site-packages\django\template\base.py", line 905, in render_annotated
    return self.render(context)
  File "C:\Python38\lib\site-packages\django\template\defaulttags.py", line 446, in render
    url = reverse(view_name, args=args, kwargs=kwargs, current_app=current_app)
  File "C:\Python38\lib\site-packages\django\urls\base.py", line 87, in reverse
    return iri_to_uri(resolver._reverse_with_prefix(view, prefix, *args, **kwargs))
  File "C:\Python38\lib\site-packages\django\urls\resolvers.py", line 685, in _reverse_with_prefix
    raise NoReverseMatch(msg)
django.urls.exceptions.NoReverseMatch: Reverse for 'set_timezone' not found. 'set_timezone' is not a valid view function or pattern name.
2021-09-27 14:14:39,067 ERROR "GET /news/ HTTP/1.1" 500 166597 C:\Python38\lib\site-packages\django\core\servers\basehttp.py None
2021-09-27 14:15:38,417 ERROR Internal Server Error: /news/ C:\Python38\lib\site-packages\django\utils\log.py (<class 'django.urls.exceptions.NoReverseMatch'>, NoReverseMatch("Reverse for 'set_timezone' not found. 'set_timezone' is not a valid view function or pattern name."), <traceback object at 0x0000021191013D80>)
Traceback (most recent call last):
  File "C:\Python38\lib\site-packages\django\core\handlers\exception.py", line 47, in inner
    response = get_response(request)
  File "C:\Python38\lib\site-packages\django\core\handlers\base.py", line 204, in _get_response
    response = response.render()
  File "C:\Python38\lib\site-packages\django\template\response.py", line 105, in render
    self.content = self.rendered_content
  File "C:\Python38\lib\site-packages\django\template\response.py", line 83, in rendered_content
    return template.render(context, self._request)
  File "C:\Python38\lib\site-packages\django\template\backends\django.py", line 61, in render
    return self.template.render(context)
  File "C:\Python38\lib\site-packages\django\template\base.py", line 170, in render
    return self._render(context)
  File "C:\Python38\lib\site-packages\django\template\base.py", line 162, in _render
    return self.nodelist.render(context)
  File "C:\Python38\lib\site-packages\django\template\base.py", line 938, in render
    bit = node.render_annotated(context)
  File "C:\Python38\lib\site-packages\django\template\base.py", line 905, in render_annotated
    return self.render(context)
  File "C:\Python38\lib\site-packages\django\template\loader_tags.py", line 150, in render
    return compiled_parent._render(context)
  File "C:\Python38\lib\site-packages\django\template\base.py", line 162, in _render
    return self.nodelist.render(context)
  File "C:\Python38\lib\site-packages\django\template\base.py", line 938, in render
    bit = node.render_annotated(context)
  File "C:\Python38\lib\site-packages\django\template\base.py", line 905, in render_annotated
    return self.render(context)
  File "C:\Python38\lib\site-packages\django\template\defaulttags.py", line 446, in render
    url = reverse(view_name, args=args, kwargs=kwargs, current_app=current_app)
  File "C:\Python38\lib\site-packages\django\urls\base.py", line 87, in reverse
    return iri_to_uri(resolver._reverse_with_prefix(view, prefix, *args, **kwargs))
  File "C:\Python38\lib\site-packages\django\urls\resolvers.py", line 685, in _reverse_with_prefix
    raise NoReverseMatch(msg)
django.urls.exceptions.NoReverseMatch: Reverse for 'set_timezone' not found. 'set_timezone' is not a valid view function or pattern name.
2021-09-27 14:15:38,421 ERROR "GET /news/ HTTP/1.1" 500 166458 C:\Python38\lib\site-packages\django\core\servers\basehttp.py None
2021-09-27 14:19:07,694 ERROR Internal Server Error: /news/ C:\Python38\lib\site-packages\django\utils\log.py (<class 'django.urls.exceptions.NoReverseMatch'>, NoReverseMatch("Reverse for 'set_timezone' not found. 'set_timezone' is not a valid view function or pattern name."), <traceback object at 0x0000020BF31AD280>)
Traceback (most recent call last):
  File "C:\Python38\lib\site-packages\django\core\handlers\exception.py", line 47, in inner
    response = get_response(request)
  File "C:\Python38\lib\site-packages\django\core\handlers\base.py", line 204, in _get_response
    response = response.render()
  File "C:\Python38\lib\site-packages\django\template\response.py", line 105, in render
    self.content = self.rendered_content
  File "C:\Python38\lib\site-packages\django\template\response.py", line 83, in rendered_content
    return template.render(context, self._request)
  File "C:\Python38\lib\site-packages\django\template\backends\django.py", line 61, in render
    return self.template.render(context)
  File "C:\Python38\lib\site-packages\django\template\base.py", line 170, in render
    return self._render(context)
  File "C:\Python38\lib\site-packages\django\template\base.py", line 162, in _render
    return self.nodelist.render(context)
  File "C:\Python38\lib\site-packages\django\template\base.py", line 938, in render
    bit = node.render_annotated(context)
  File "C:\Python38\lib\site-packages\django\template\base.py", line 905, in render_annotated
    return self.render(context)
  File "C:\Python38\lib\site-packages\django\template\loader_tags.py", line 150, in render
    return compiled_parent._render(context)
  File "C:\Python38\lib\site-packages\django\template\base.py", line 162, in _render
    return self.nodelist.render(context)
  File "C:\Python38\lib\site-packages\django\template\base.py", line 938, in render
    bit = node.render_annotated(context)
  File "C:\Python38\lib\site-packages\django\template\base.py", line 905, in render_annotated
    return self.render(context)
  File "C:\Python38\lib\site-packages\django\template\defaulttags.py", line 446, in render
    url = reverse(view_name, args=args, kwargs=kwargs, current_app=current_app)
  File "C:\Python38\lib\site-packages\django\urls\base.py", line 87, in reverse
    return iri_to_uri(resolver._reverse_with_prefix(view, prefix, *args, **kwargs))
  File "C:\Python38\lib\site-packages\django\urls\resolvers.py", line 685, in _reverse_with_prefix
    raise NoReverseMatch(msg)
django.urls.exceptions.NoReverseMatch: Reverse for 'set_timezone' not found. 'set_timezone' is not a valid view function or pattern name.
2021-09-27 14:19:07,694 ERROR "GET /news/ HTTP/1.1" 500 166447 C:\Python38\lib\site-packages\django\core\servers\basehttp.py None
2021-09-27 14:20:22,917 ERROR Internal Server Error: /about/ C:\Python38\lib\site-packages\django\utils\log.py (<class 'django.urls.exceptions.NoReverseMatch'>, NoReverseMatch("Reverse for 'set_timezone' not found. 'set_timezone' is not a valid view function or pattern name."), <traceback object at 0x0000029069EC2580>)
Traceback (most recent call last):
  File "C:\Python38\lib\site-packages\django\core\handlers\exception.py", line 47, in inner
    response = get_response(request)
  File "C:\Python38\lib\site-packages\django\utils\deprecation.py", line 116, in __call__
    response = self.process_response(request, response)
  File "C:\Python38\lib\site-packages\django\contrib\flatpages\middleware.py", line 12, in process_response
    return flatpage(request, request.path_info)
  File "C:\Python38\lib\site-packages\django\contrib\flatpages\views.py", line 45, in flatpage
    return render_flatpage(request, f)
  File "C:\Python38\lib\site-packages\django\utils\decorators.py", line 130, in _wrapped_view
    response = view_func(request, *args, **kwargs)
  File "C:\Python38\lib\site-packages\django\contrib\flatpages\views.py", line 69, in render_flatpage
    return HttpResponse(template.render({'flatpage': f}, request))
  File "C:\Python38\lib\site-packages\django\template\backends\django.py", line 61, in render
    return self.template.render(context)
  File "C:\Python38\lib\site-packages\django\template\base.py", line 170, in render
    return self._render(context)
  File "C:\Python38\lib\site-packages\django\template\base.py", line 162, in _render
    return self.nodelist.render(context)
  File "C:\Python38\lib\site-packages\django\template\base.py", line 938, in render
    bit = node.render_annotated(context)
  File "C:\Python38\lib\site-packages\django\template\base.py", line 905, in render_annotated
    return self.render(context)
  File "C:\Python38\lib\site-packages\django\template\loader_tags.py", line 150, in render
    return compiled_parent._render(context)
  File "C:\Python38\lib\site-packages\django\template\base.py", line 162, in _render
    return self.nodelist.render(context)
  File "C:\Python38\lib\site-packages\django\template\base.py", line 938, in render
    bit = node.render_annotated(context)
  File "C:\Python38\lib\site-packages\django\template\base.py", line 905, in render_annotated
    return self.render(context)
  File "C:\Python38\lib\site-packages\django\template\defaulttags.py", line 446, in render
    url = reverse(view_name, args=args, kwargs=kwargs, current_app=current_app)
  File "C:\Python38\lib\site-packages\django\urls\base.py", line 87, in reverse
    return iri_to_uri(resolver._reverse_with_prefix(view, prefix, *args, **kwargs))
  File "C:\Python38\lib\site-packages\django\urls\resolvers.py", line 685, in _reverse_with_prefix
    raise NoReverseMatch(msg)
django.urls.exceptions.NoReverseMatch: Reverse for 'set_timezone' not found. 'set_timezone' is not a valid view function or pattern name.
2021-09-27 14:20:22,923 ERROR "GET /about/ HTTP/1.1" 500 154809 C:\Python38\lib\site-packages\django\core\servers\basehttp.py None
2021-09-27 14:22:02,414 ERROR Internal Server Error: /about/ C:\Python38\lib\site-packages\django\utils\log.py (<class 'django.urls.exceptions.NoReverseMatch'>, NoReverseMatch("Reverse for 'set_timezone' not found. 'set_timezone' is not a valid view function or pattern name."), <traceback object at 0x000002269020FF40>)
Traceback (most recent call last):
  File "C:\Python38\lib\site-packages\django\core\handlers\exception.py", line 47, in inner
    response = get_response(request)
  File "C:\Python38\lib\site-packages\django\utils\deprecation.py", line 116, in __call__
    response = self.process_response(request, response)
  File "C:\Python38\lib\site-packages\django\contrib\flatpages\middleware.py", line 12, in process_response
    return flatpage(request, request.path_info)
  File "C:\Python38\lib\site-packages\django\contrib\flatpages\views.py", line 45, in flatpage
    return render_flatpage(request, f)
  File "C:\Python38\lib\site-packages\django\utils\decorators.py", line 130, in _wrapped_view
    response = view_func(request, *args, **kwargs)
  File "C:\Python38\lib\site-packages\django\contrib\flatpages\views.py", line 69, in render_flatpage
    return HttpResponse(template.render({'flatpage': f}, request))
  File "C:\Python38\lib\site-packages\django\template\backends\django.py", line 61, in render
    return self.template.render(context)
  File "C:\Python38\lib\site-packages\django\template\base.py", line 170, in render
    return self._render(context)
  File "C:\Python38\lib\site-packages\django\template\base.py", line 162, in _render
    return self.nodelist.render(context)
  File "C:\Python38\lib\site-packages\django\template\base.py", line 938, in render
    bit = node.render_annotated(context)
  File "C:\Python38\lib\site-packages\django\template\base.py", line 905, in render_annotated
    return self.render(context)
  File "C:\Python38\lib\site-packages\django\template\loader_tags.py", line 150, in render
    return compiled_parent._render(context)
  File "C:\Python38\lib\site-packages\django\template\base.py", line 162, in _render
    return self.nodelist.render(context)
  File "C:\Python38\lib\site-packages\django\template\base.py", line 938, in render
    bit = node.render_annotated(context)
  File "C:\Python38\lib\site-packages\django\template\base.py", line 905, in render_annotated
    return self.render(context)
  File "C:\Python38\lib\site-packages\django\template\defaulttags.py", line 446, in render
    url = reverse(view_name, args=args, kwargs=kwargs, current_app=current_app)
  File "C:\Python38\lib\site-packages\django\urls\base.py", line 87, in reverse
    return iri_to_uri(resolver._reverse_with_prefix(view, prefix, *args, **kwargs))
  File "C:\Python38\lib\site-packages\django\urls\resolvers.py", line 685, in _reverse_with_prefix
    raise NoReverseMatch(msg)
django.urls.exceptions.NoReverseMatch: Reverse for 'set_timezone' not found. 'set_timezone' is not a valid view function or pattern name.
2021-09-27 14:22:02,435 ERROR "GET /about/ HTTP/1.1" 500 155077 C:\Python38\lib\site-packages\django\core\servers\basehttp.py None
2021-09-27 14:24:15,350 ERROR Internal Server Error: /news/ C:\Python38\lib\site-packages\django\utils\log.py (<class 'django.urls.exceptions.NoReverseMatch'>, NoReverseMatch("Reverse for 'set_timezone' not found. 'set_timezone' is not a valid view function or pattern name."), <traceback object at 0x000002268FF7A0C0>)
Traceback (most recent call last):
  File "C:\Python38\lib\site-packages\django\core\handlers\exception.py", line 47, in inner
    response = get_response(request)
  File "C:\Python38\lib\site-packages\django\core\handlers\base.py", line 204, in _get_response
    response = response.render()
  File "C:\Python38\lib\site-packages\django\template\response.py", line 105, in render
    self.content = self.rendered_content
  File "C:\Python38\lib\site-packages\django\template\response.py", line 83, in rendered_content
    return template.render(context, self._request)
  File "C:\Python38\lib\site-packages\django\template\backends\django.py", line 61, in render
    return self.template.render(context)
  File "C:\Python38\lib\site-packages\django\template\base.py", line 170, in render
    return self._render(context)
  File "C:\Python38\lib\site-packages\django\template\base.py", line 162, in _render
    return self.nodelist.render(context)
  File "C:\Python38\lib\site-packages\django\template\base.py", line 938, in render
    bit = node.render_annotated(context)
  File "C:\Python38\lib\site-packages\django\template\base.py", line 905, in render_annotated
    return self.render(context)
  File "C:\Python38\lib\site-packages\django\template\loader_tags.py", line 150, in render
    return compiled_parent._render(context)
  File "C:\Python38\lib\site-packages\django\template\base.py", line 162, in _render
    return self.nodelist.render(context)
  File "C:\Python38\lib\site-packages\django\template\base.py", line 938, in render
    bit = node.render_annotated(context)
  File "C:\Python38\lib\site-packages\django\template\base.py", line 905, in render_annotated
    return self.render(context)
  File "C:\Python38\lib\site-packages\django\template\defaulttags.py", line 446, in render
    url = reverse(view_name, args=args, kwargs=kwargs, current_app=current_app)
  File "C:\Python38\lib\site-packages\django\urls\base.py", line 87, in reverse
    return iri_to_uri(resolver._reverse_with_prefix(view, prefix, *args, **kwargs))
  File "C:\Python38\lib\site-packages\django\urls\resolvers.py", line 685, in _reverse_with_prefix
    raise NoReverseMatch(msg)
django.urls.exceptions.NoReverseMatch: Reverse for 'set_timezone' not found. 'set_timezone' is not a valid view function or pattern name.
2021-09-27 14:24:15,351 ERROR "GET /news/ HTTP/1.1" 500 166189 C:\Python38\lib\site-packages\django\core\servers\basehttp.py None
2021-09-27 14:26:24,544 ERROR Internal Server Error: /news/ C:\Python38\lib\site-packages\django\utils\log.py (<class 'django.urls.exceptions.NoReverseMatch'>, NoReverseMatch("Reverse for 'set_timezone' not found. 'set_timezone' is not a valid view function or pattern name."), <traceback object at 0x00000247DDF7D280>)
Traceback (most recent call last):
  File "C:\Python38\lib\site-packages\django\core\handlers\exception.py", line 47, in inner
    response = get_response(request)
  File "C:\Python38\lib\site-packages\django\core\handlers\base.py", line 204, in _get_response
    response = response.render()
  File "C:\Python38\lib\site-packages\django\template\response.py", line 105, in render
    self.content = self.rendered_content
  File "C:\Python38\lib\site-packages\django\template\response.py", line 83, in rendered_content
    return template.render(context, self._request)
  File "C:\Python38\lib\site-packages\django\template\backends\django.py", line 61, in render
    return self.template.render(context)
  File "C:\Python38\lib\site-packages\django\template\base.py", line 170, in render
    return self._render(context)
  File "C:\Python38\lib\site-packages\django\template\base.py", line 162, in _render
    return self.nodelist.render(context)
  File "C:\Python38\lib\site-packages\django\template\base.py", line 938, in render
    bit = node.render_annotated(context)
  File "C:\Python38\lib\site-packages\django\template\base.py", line 905, in render_annotated
    return self.render(context)
  File "C:\Python38\lib\site-packages\django\template\loader_tags.py", line 150, in render
    return compiled_parent._render(context)
  File "C:\Python38\lib\site-packages\django\template\base.py", line 162, in _render
    return self.nodelist.render(context)
  File "C:\Python38\lib\site-packages\django\template\base.py", line 938, in render
    bit = node.render_annotated(context)
  File "C:\Python38\lib\site-packages\django\template\base.py", line 905, in render_annotated
    return self.render(context)
  File "C:\Python38\lib\site-packages\django\template\defaulttags.py", line 446, in render
    url = reverse(view_name, args=args, kwargs=kwargs, current_app=current_app)
  File "C:\Python38\lib\site-packages\django\urls\base.py", line 87, in reverse
    return iri_to_uri(resolver._reverse_with_prefix(view, prefix, *args, **kwargs))
  File "C:\Python38\lib\site-packages\django\urls\resolvers.py", line 685, in _reverse_with_prefix
    raise NoReverseMatch(msg)
django.urls.exceptions.NoReverseMatch: Reverse for 'set_timezone' not found. 'set_timezone' is not a valid view function or pattern name.
2021-09-27 14:26:24,544 ERROR "GET /news/ HTTP/1.1" 500 166457 C:\Python38\lib\site-packages\django\core\servers\basehttp.py None
2021-09-27 16:02:36,485 ERROR Internal Server Error: /news/ C:\Python38\lib\site-packages\django\utils\log.py (<class 'django.utils.datastructures.MultiValueDictKeyError'>, MultiValueDictKeyError('timezone'), <traceback object at 0x000002216C597940>)
Traceback (most recent call last):
  File "C:\Python38\lib\site-packages\django\utils\datastructures.py", line 76, in __getitem__
    list_ = super().__getitem__(key)
KeyError: 'timezone'

During handling of the above exception, another exception occurred:

Traceback (most recent call last):
  File "C:\Python38\lib\site-packages\django\core\handlers\exception.py", line 47, in inner
    response = get_response(request)
  File "C:\Python38\lib\site-packages\django\core\handlers\base.py", line 181, in _get_response
    response = wrapped_callback(request, *callback_args, **callback_kwargs)
  File "C:\Python38\lib\site-packages\django\views\generic\base.py", line 70, in view
    return self.dispatch(request, *args, **kwargs)
  File "C:\Python38\lib\site-packages\django\views\generic\base.py", line 98, in dispatch
    return handler(request, *args, **kwargs)
  File "C:\Users\Malish75\Desktop\D14_Module_localization\newapp\views.py", line 59, in post
    request.session['django_timezone'] = request.POST['timezone']
  File "C:\Python38\lib\site-packages\django\utils\datastructures.py", line 78, in __getitem__
    raise MultiValueDictKeyError(key)
django.utils.datastructures.MultiValueDictKeyError: 'timezone'
2021-09-27 16:02:36,485 ERROR "POST /news/ HTTP/1.1" 500 89552 C:\Python38\lib\site-packages\django\core\servers\basehttp.py None
2021-09-27 16:04:17,786 ERROR Internal Server Error: /news/ C:\Python38\lib\site-packages\django\utils\log.py (<class 'django.utils.datastructures.MultiValueDictKeyError'>, MultiValueDictKeyError('timezone'), <traceback object at 0x000002A03C50D700>)
Traceback (most recent call last):
  File "C:\Python38\lib\site-packages\django\utils\datastructures.py", line 76, in __getitem__
    list_ = super().__getitem__(key)
KeyError: 'timezone'

During handling of the above exception, another exception occurred:

Traceback (most recent call last):
  File "C:\Python38\lib\site-packages\django\core\handlers\exception.py", line 47, in inner
    response = get_response(request)
  File "C:\Python38\lib\site-packages\django\core\handlers\base.py", line 181, in _get_response
    response = wrapped_callback(request, *callback_args, **callback_kwargs)
  File "C:\Python38\lib\site-packages\django\views\generic\base.py", line 70, in view
    return self.dispatch(request, *args, **kwargs)
  File "C:\Python38\lib\site-packages\django\views\generic\base.py", line 98, in dispatch
    return handler(request, *args, **kwargs)
  File "C:\Users\Malish75\Desktop\D14_Module_localization\newapp\views.py", line 59, in post
    request.session['django_timezone'] = request.POST['timezone']
  File "C:\Python38\lib\site-packages\django\utils\datastructures.py", line 78, in __getitem__
    raise MultiValueDictKeyError(key)
django.utils.datastructures.MultiValueDictKeyError: 'timezone'
2021-09-27 16:04:17,792 ERROR "POST /news/ HTTP/1.1" 500 89548 C:\Python38\lib\site-packages\django\core\servers\basehttp.py None
2021-09-27 16:05:00,326 ERROR Internal Server Error: /news/ C:\Python38\lib\site-packages\django\utils\log.py (<class 'django.utils.datastructures.MultiValueDictKeyError'>, MultiValueDictKeyError('timezone'), <traceback object at 0x0000020F77A2E6C0>)
Traceback (most recent call last):
  File "C:\Python38\lib\site-packages\django\utils\datastructures.py", line 76, in __getitem__
    list_ = super().__getitem__(key)
KeyError: 'timezone'

During handling of the above exception, another exception occurred:

Traceback (most recent call last):
  File "C:\Python38\lib\site-packages\django\core\handlers\exception.py", line 47, in inner
    response = get_response(request)
  File "C:\Python38\lib\site-packages\django\core\handlers\base.py", line 181, in _get_response
    response = wrapped_callback(request, *callback_args, **callback_kwargs)
  File "C:\Python38\lib\site-packages\django\views\generic\base.py", line 70, in view
    return self.dispatch(request, *args, **kwargs)
  File "C:\Python38\lib\site-packages\django\views\generic\base.py", line 98, in dispatch
    return handler(request, *args, **kwargs)
  File "C:\Users\Malish75\Desktop\D14_Module_localization\newapp\views.py", line 60, in post
    request.session['django_timezone'] = request.POST['timezone']
  File "C:\Python38\lib\site-packages\django\utils\datastructures.py", line 78, in __getitem__
    raise MultiValueDictKeyError(key)
django.utils.datastructures.MultiValueDictKeyError: 'timezone'
2021-09-27 16:05:00,330 ERROR "POST /news/ HTTP/1.1" 500 89548 C:\Python38\lib\site-packages\django\core\servers\basehttp.py None
2021-09-27 16:05:56,543 ERROR Internal Server Error: /news/ C:\Python38\lib\site-packages\django\utils\log.py (<class 'django.utils.datastructures.MultiValueDictKeyError'>, MultiValueDictKeyError('timezone'), <traceback object at 0x0000027545EBE680>)
Traceback (most recent call last):
  File "C:\Python38\lib\site-packages\django\utils\datastructures.py", line 76, in __getitem__
    list_ = super().__getitem__(key)
KeyError: 'timezone'

During handling of the above exception, another exception occurred:

Traceback (most recent call last):
  File "C:\Python38\lib\site-packages\django\core\handlers\exception.py", line 47, in inner
    response = get_response(request)
  File "C:\Python38\lib\site-packages\django\core\handlers\base.py", line 181, in _get_response
    response = wrapped_callback(request, *callback_args, **callback_kwargs)
  File "C:\Python38\lib\site-packages\django\views\generic\base.py", line 70, in view
    return self.dispatch(request, *args, **kwargs)
  File "C:\Python38\lib\site-packages\django\views\generic\base.py", line 98, in dispatch
    return handler(request, *args, **kwargs)
  File "C:\Users\Malish75\Desktop\D14_Module_localization\newapp\views.py", line 60, in post
    request.session['django_timezone'] = request.POST['timezone']
  File "C:\Python38\lib\site-packages\django\utils\datastructures.py", line 78, in __getitem__
    raise MultiValueDictKeyError(key)
django.utils.datastructures.MultiValueDictKeyError: 'timezone'
2021-09-27 16:05:56,550 ERROR "POST /news/ HTTP/1.1" 500 89552 C:\Python38\lib\site-packages\django\core\servers\basehttp.py None
2021-09-27 16:07:04,902 ERROR Internal Server Error: /news/ C:\Python38\lib\site-packages\django\utils\log.py (<class 'django.utils.datastructures.MultiValueDictKeyError'>, MultiValueDictKeyError('timezone'), <traceback object at 0x000002A5EDF4E5C0>)
Traceback (most recent call last):
  File "C:\Python38\lib\site-packages\django\utils\datastructures.py", line 76, in __getitem__
    list_ = super().__getitem__(key)
KeyError: 'timezone'

During handling of the above exception, another exception occurred:

Traceback (most recent call last):
  File "C:\Python38\lib\site-packages\django\core\handlers\exception.py", line 47, in inner
    response = get_response(request)
  File "C:\Python38\lib\site-packages\django\core\handlers\base.py", line 181, in _get_response
    response = wrapped_callback(request, *callback_args, **callback_kwargs)
  File "C:\Python38\lib\site-packages\django\views\generic\base.py", line 70, in view
    return self.dispatch(request, *args, **kwargs)
  File "C:\Python38\lib\site-packages\django\views\generic\base.py", line 98, in dispatch
    return handler(request, *args, **kwargs)
  File "C:\Users\Malish75\Desktop\D14_Module_localization\newapp\views.py", line 60, in post
    request.session['django_timezone'] = request.POST['timezone']
  File "C:\Python38\lib\site-packages\django\utils\datastructures.py", line 78, in __getitem__
    raise MultiValueDictKeyError(key)
django.utils.datastructures.MultiValueDictKeyError: 'timezone'
2021-09-27 16:07:04,907 ERROR "POST /news/ HTTP/1.1" 500 89548 C:\Python38\lib\site-packages\django\core\servers\basehttp.py None
2021-09-27 16:09:48,452 ERROR Internal Server Error: /news/ C:\Python38\lib\site-packages\django\utils\log.py (<class 'django.utils.datastructures.MultiValueDictKeyError'>, MultiValueDictKeyError('timezone'), <traceback object at 0x0000022B8171E5C0>)
Traceback (most recent call last):
  File "C:\Python38\lib\site-packages\django\utils\datastructures.py", line 76, in __getitem__
    list_ = super().__getitem__(key)
KeyError: 'timezone'

During handling of the above exception, another exception occurred:

Traceback (most recent call last):
  File "C:\Python38\lib\site-packages\django\core\handlers\exception.py", line 47, in inner
    response = get_response(request)
  File "C:\Python38\lib\site-packages\django\core\handlers\base.py", line 181, in _get_response
    response = wrapped_callback(request, *callback_args, **callback_kwargs)
  File "C:\Python38\lib\site-packages\django\views\generic\base.py", line 70, in view
    return self.dispatch(request, *args, **kwargs)
  File "C:\Python38\lib\site-packages\django\views\generic\base.py", line 98, in dispatch
    return handler(request, *args, **kwargs)
  File "C:\Users\Malish75\Desktop\D14_Module_localization\newapp\views.py", line 60, in post
    request.session['django_timezone'] = request.POST['timezone']
  File "C:\Python38\lib\site-packages\django\utils\datastructures.py", line 78, in __getitem__
    raise MultiValueDictKeyError(key)
django.utils.datastructures.MultiValueDictKeyError: 'timezone'
2021-09-27 16:09:48,455 ERROR "POST /news/ HTTP/1.1" 500 89548 C:\Python38\lib\site-packages\django\core\servers\basehttp.py None
2021-09-27 16:11:59,095 ERROR Internal Server Error: /news/ C:\Python38\lib\site-packages\django\utils\log.py (<class 'django.template.exceptions.TemplateSyntaxError'>, TemplateSyntaxError("Invalid block tag on line 9: 'get_current_timezone', expected 'endblock'. Did you forget to register or load this tag?"), <traceback object at 0x000001E89CCD34C0>)
Traceback (most recent call last):
  File "C:\Python38\lib\site-packages\django\template\base.py", line 470, in parse
    compile_func = self.tags[command]
KeyError: 'get_current_timezone'

During handling of the above exception, another exception occurred:

Traceback (most recent call last):
  File "C:\Python38\lib\site-packages\django\core\handlers\exception.py", line 47, in inner
    response = get_response(request)
  File "C:\Python38\lib\site-packages\django\core\handlers\base.py", line 204, in _get_response
    response = response.render()
  File "C:\Python38\lib\site-packages\django\template\response.py", line 105, in render
    self.content = self.rendered_content
  File "C:\Python38\lib\site-packages\django\template\response.py", line 81, in rendered_content
    template = self.resolve_template(self.template_name)
  File "C:\Python38\lib\site-packages\django\template\response.py", line 63, in resolve_template
    return select_template(template, using=self.using)
  File "C:\Python38\lib\site-packages\django\template\loader.py", line 42, in select_template
    return engine.get_template(template_name)
  File "C:\Python38\lib\site-packages\django\template\backends\django.py", line 34, in get_template
    return Template(self.engine.get_template(template_name), self)
  File "C:\Python38\lib\site-packages\django\template\engine.py", line 143, in get_template
    template, origin = self.find_template(template_name)
  File "C:\Python38\lib\site-packages\django\template\engine.py", line 125, in find_template
    template = loader.get_template(name, skip=skip)
  File "C:\Python38\lib\site-packages\django\template\loaders\base.py", line 29, in get_template
    return Template(
  File "C:\Python38\lib\site-packages\django\template\base.py", line 155, in __init__
    self.nodelist = self.compile_nodelist()
  File "C:\Python38\lib\site-packages\django\template\base.py", line 193, in compile_nodelist
    return parser.parse()
  File "C:\Python38\lib\site-packages\django\template\base.py", line 478, in parse
    raise self.error(token, e)
  File "C:\Python38\lib\site-packages\django\template\base.py", line 476, in parse
    compiled_result = compile_func(self, token)
  File "C:\Python38\lib\site-packages\django\template\loader_tags.py", line 270, in do_extends
    nodelist = parser.parse()
  File "C:\Python38\lib\site-packages\django\template\base.py", line 478, in parse
    raise self.error(token, e)
  File "C:\Python38\lib\site-packages\django\template\base.py", line 476, in parse
    compiled_result = compile_func(self, token)
  File "C:\Python38\lib\site-packages\django\template\loader_tags.py", line 213, in do_block
    nodelist = parser.parse(('endblock',))
  File "C:\Python38\lib\site-packages\django\template\base.py", line 472, in parse
    self.invalid_block_tag(token, command, parse_until)
  File "C:\Python38\lib\site-packages\django\template\base.py", line 522, in invalid_block_tag
    raise self.error(
django.template.exceptions.TemplateSyntaxError: Invalid block tag on line 9: 'get_current_timezone', expected 'endblock'. Did you forget to register or load this tag?
2021-09-27 16:11:59,100 ERROR "POST /news/ HTTP/1.1" 500 172512 C:\Python38\lib\site-packages\django\core\servers\basehttp.py None
2021-09-27 16:28:17,465 ERROR Internal Server Error: /news/ C:\Python38\lib\site-packages\django\utils\log.py (<class 'django.urls.exceptions.NoReverseMatch'>, NoReverseMatch("Reverse for 'set_timezone' not found. 'set_timezone' is not a valid view function or pattern name."), <traceback object at 0x0000028FE402CD80>)
Traceback (most recent call last):
  File "C:\Python38\lib\site-packages\django\core\handlers\exception.py", line 47, in inner
    response = get_response(request)
  File "C:\Python38\lib\site-packages\django\core\handlers\base.py", line 204, in _get_response
    response = response.render()
  File "C:\Python38\lib\site-packages\django\template\response.py", line 105, in render
    self.content = self.rendered_content
  File "C:\Python38\lib\site-packages\django\template\response.py", line 83, in rendered_content
    return template.render(context, self._request)
  File "C:\Python38\lib\site-packages\django\template\backends\django.py", line 61, in render
    return self.template.render(context)
  File "C:\Python38\lib\site-packages\django\template\base.py", line 170, in render
    return self._render(context)
  File "C:\Python38\lib\site-packages\django\template\base.py", line 162, in _render
    return self.nodelist.render(context)
  File "C:\Python38\lib\site-packages\django\template\base.py", line 938, in render
    bit = node.render_annotated(context)
  File "C:\Python38\lib\site-packages\django\template\base.py", line 905, in render_annotated
    return self.render(context)
  File "C:\Python38\lib\site-packages\django\template\loader_tags.py", line 150, in render
    return compiled_parent._render(context)
  File "C:\Python38\lib\site-packages\django\template\base.py", line 162, in _render
    return self.nodelist.render(context)
  File "C:\Python38\lib\site-packages\django\template\base.py", line 938, in render
    bit = node.render_annotated(context)
  File "C:\Python38\lib\site-packages\django\template\base.py", line 905, in render_annotated
    return self.render(context)
  File "C:\Python38\lib\site-packages\django\template\defaulttags.py", line 446, in render
    url = reverse(view_name, args=args, kwargs=kwargs, current_app=current_app)
  File "C:\Python38\lib\site-packages\django\urls\base.py", line 87, in reverse
    return iri_to_uri(resolver._reverse_with_prefix(view, prefix, *args, **kwargs))
  File "C:\Python38\lib\site-packages\django\urls\resolvers.py", line 685, in _reverse_with_prefix
    raise NoReverseMatch(msg)
django.urls.exceptions.NoReverseMatch: Reverse for 'set_timezone' not found. 'set_timezone' is not a valid view function or pattern name.
2021-09-27 16:28:17,465 ERROR "GET /news/ HTTP/1.1" 500 165577 C:\Python38\lib\site-packages\django\core\servers\basehttp.py None
2021-09-27 16:50:05,367 ERROR Internal Server Error: /test/ C:\Python38\lib\site-packages\django\utils\log.py (<class 'TypeError'>, TypeError('as_view() takes 1 positional argument but 2 were given'), <traceback object at 0x0000023B4A1A7B40>)
Traceback (most recent call last):
  File "C:\Python38\lib\site-packages\django\core\handlers\exception.py", line 47, in inner
    response = get_response(request)
  File "C:\Python38\lib\site-packages\django\core\handlers\base.py", line 181, in _get_response
    response = wrapped_callback(request, *callback_args, **callback_kwargs)
TypeError: as_view() takes 1 positional argument but 2 were given
2021-09-27 16:50:05,369 ERROR "GET /test/ HTTP/1.1" 500 67613 C:\Python38\lib\site-packages\django\core\servers\basehttp.py None
2021-09-27 16:54:17,847 ERROR Internal Server Error: /news/test/ C:\Python38\lib\site-packages\django\utils\log.py (<class 'django.urls.exceptions.NoReverseMatch'>, NoReverseMatch("Reverse for 'test' not found. 'test' is not a valid view function or pattern name."), <traceback object at 0x0000029616B843C0>)
Traceback (most recent call last):
  File "C:\Python38\lib\site-packages\django\core\handlers\exception.py", line 47, in inner
    response = get_response(request)
  File "C:\Python38\lib\site-packages\django\core\handlers\base.py", line 181, in _get_response
    response = wrapped_callback(request, *callback_args, **callback_kwargs)
  File "C:\Python38\lib\site-packages\django\views\generic\base.py", line 70, in view
    return self.dispatch(request, *args, **kwargs)
  File "C:\Python38\lib\site-packages\django\views\generic\base.py", line 98, in dispatch
    return handler(request, *args, **kwargs)
  File "C:\Users\Malish75\Desktop\D14_Module_localization\newapp\views.py", line 30, in get
    return HttpResponse(render(request, 'test.html', context))
  File "C:\Python38\lib\site-packages\django\shortcuts.py", line 19, in render
    content = loader.render_to_string(template_name, context, request, using=using)
  File "C:\Python38\lib\site-packages\django\template\loader.py", line 62, in render_to_string
    return template.render(context, request)
  File "C:\Python38\lib\site-packages\django\template\backends\django.py", line 61, in render
    return self.template.render(context)
  File "C:\Python38\lib\site-packages\django\template\base.py", line 170, in render
    return self._render(context)
  File "C:\Python38\lib\site-packages\django\template\base.py", line 162, in _render
    return self.nodelist.render(context)
  File "C:\Python38\lib\site-packages\django\template\base.py", line 938, in render
    bit = node.render_annotated(context)
  File "C:\Python38\lib\site-packages\django\template\base.py", line 905, in render_annotated
    return self.render(context)
  File "C:\Python38\lib\site-packages\django\template\defaulttags.py", line 446, in render
    url = reverse(view_name, args=args, kwargs=kwargs, current_app=current_app)
  File "C:\Python38\lib\site-packages\django\urls\base.py", line 87, in reverse
    return iri_to_uri(resolver._reverse_with_prefix(view, prefix, *args, **kwargs))
  File "C:\Python38\lib\site-packages\django\urls\resolvers.py", line 685, in _reverse_with_prefix
    raise NoReverseMatch(msg)
django.urls.exceptions.NoReverseMatch: Reverse for 'test' not found. 'test' is not a valid view function or pattern name.
2021-09-27 16:54:17,852 ERROR "GET /news/test/ HTTP/1.1" 500 182525 C:\Python38\lib\site-packages\django\core\servers\basehttp.py None
2021-09-27 16:55:02,940 ERROR Internal Server Error: /news/test/ C:\Python38\lib\site-packages\django\utils\log.py (<class 'django.urls.exceptions.NoReverseMatch'>, NoReverseMatch("Reverse for 'test' not found. 'test' is not a valid view function or pattern name."), <traceback object at 0x000001947E8F5580>)
Traceback (most recent call last):
  File "C:\Python38\lib\site-packages\django\core\handlers\exception.py", line 47, in inner
    response = get_response(request)
  File "C:\Python38\lib\site-packages\django\core\handlers\base.py", line 181, in _get_response
    response = wrapped_callback(request, *callback_args, **callback_kwargs)
  File "C:\Python38\lib\site-packages\django\views\generic\base.py", line 70, in view
    return self.dispatch(request, *args, **kwargs)
  File "C:\Python38\lib\site-packages\django\views\generic\base.py", line 98, in dispatch
    return handler(request, *args, **kwargs)
  File "C:\Users\Malish75\Desktop\D14_Module_localization\newapp\views.py", line 30, in get
    return HttpResponse(render(request, 'test.html', context))
  File "C:\Python38\lib\site-packages\django\shortcuts.py", line 19, in render
    content = loader.render_to_string(template_name, context, request, using=using)
  File "C:\Python38\lib\site-packages\django\template\loader.py", line 62, in render_to_string
    return template.render(context, request)
  File "C:\Python38\lib\site-packages\django\template\backends\django.py", line 61, in render
    return self.template.render(context)
  File "C:\Python38\lib\site-packages\django\template\base.py", line 170, in render
    return self._render(context)
  File "C:\Python38\lib\site-packages\django\template\base.py", line 162, in _render
    return self.nodelist.render(context)
  File "C:\Python38\lib\site-packages\django\template\base.py", line 938, in render
    bit = node.render_annotated(context)
  File "C:\Python38\lib\site-packages\django\template\base.py", line 905, in render_annotated
    return self.render(context)
  File "C:\Python38\lib\site-packages\django\template\defaulttags.py", line 446, in render
    url = reverse(view_name, args=args, kwargs=kwargs, current_app=current_app)
  File "C:\Python38\lib\site-packages\django\urls\base.py", line 87, in reverse
    return iri_to_uri(resolver._reverse_with_prefix(view, prefix, *args, **kwargs))
  File "C:\Python38\lib\site-packages\django\urls\resolvers.py", line 685, in _reverse_with_prefix
    raise NoReverseMatch(msg)
django.urls.exceptions.NoReverseMatch: Reverse for 'test' not found. 'test' is not a valid view function or pattern name.
2021-09-27 16:55:02,946 ERROR "GET /news/test/ HTTP/1.1" 500 182665 C:\Python38\lib\site-packages\django\core\servers\basehttp.py None
2021-09-27 17:45:37,253 ERROR Internal Server Error: /news/ C:\Python38\lib\site-packages\django\utils\log.py (<class 'django.template.exceptions.TemplateSyntaxError'>, TemplateSyntaxError("'bootstrap3' is not a registered tag library. Must be one of:\naccount\nadmin_list\nadmin_modify\nadmin_urls\nbootstrap4\ncache\ncensor\nflatpages\ni18n\nl10n\nlog\nsocialaccount\nstatic\ntz"), <traceback object at 0x000001663A089200>)
Traceback (most recent call last):
  File "C:\Python38\lib\site-packages\django\template\defaulttags.py", line 1034, in find_library
    return parser.libraries[name]
KeyError: 'bootstrap3'

During handling of the above exception, another exception occurred:

Traceback (most recent call last):
  File "C:\Python38\lib\site-packages\django\core\handlers\exception.py", line 47, in inner
    response = get_response(request)
  File "C:\Python38\lib\site-packages\django\core\handlers\base.py", line 204, in _get_response
    response = response.render()
  File "C:\Python38\lib\site-packages\django\template\response.py", line 105, in render
    self.content = self.rendered_content
  File "C:\Python38\lib\site-packages\django\template\response.py", line 83, in rendered_content
    return template.render(context, self._request)
  File "C:\Python38\lib\site-packages\django\template\backends\django.py", line 61, in render
    return self.template.render(context)
  File "C:\Python38\lib\site-packages\django\template\base.py", line 170, in render
    return self._render(context)
  File "C:\Python38\lib\site-packages\django\template\base.py", line 162, in _render
    return self.nodelist.render(context)
  File "C:\Python38\lib\site-packages\django\template\base.py", line 938, in render
    bit = node.render_annotated(context)
  File "C:\Python38\lib\site-packages\django\template\base.py", line 905, in render_annotated
    return self.render(context)
  File "C:\Python38\lib\site-packages\django\template\loader_tags.py", line 127, in render
    compiled_parent = self.get_parent(context)
  File "C:\Python38\lib\site-packages\django\template\loader_tags.py", line 124, in get_parent
    return self.find_template(parent, context)
  File "C:\Python38\lib\site-packages\django\template\loader_tags.py", line 103, in find_template
    template, origin = context.template.engine.find_template(
  File "C:\Python38\lib\site-packages\django\template\engine.py", line 125, in find_template
    template = loader.get_template(name, skip=skip)
  File "C:\Python38\lib\site-packages\django\template\loaders\base.py", line 29, in get_template
    return Template(
  File "C:\Python38\lib\site-packages\django\template\base.py", line 155, in __init__
    self.nodelist = self.compile_nodelist()
  File "C:\Python38\lib\site-packages\django\template\base.py", line 193, in compile_nodelist
    return parser.parse()
  File "C:\Python38\lib\site-packages\django\template\base.py", line 478, in parse
    raise self.error(token, e)
  File "C:\Python38\lib\site-packages\django\template\base.py", line 476, in parse
    compiled_result = compile_func(self, token)
  File "C:\Python38\lib\site-packages\django\template\defaulttags.py", line 1091, in load
    lib = find_library(parser, name)
  File "C:\Python38\lib\site-packages\django\template\defaulttags.py", line 1036, in find_library
    raise TemplateSyntaxError(
django.template.exceptions.TemplateSyntaxError: 'bootstrap3' is not a registered tag library. Must be one of:
account
admin_list
admin_modify
admin_urls
bootstrap4
cache
censor
flatpages
i18n
l10n
log
socialaccount
static
tz
2021-09-27 17:45:37,259 ERROR "GET /news/ HTTP/1.1" 500 184255 C:\Python38\lib\site-packages\django\core\servers\basehttp.py None
2021-09-28 11:46:40,538 ERROR Internal Server Error: /contact/ C:\Python38\lib\site-packages\django\utils\log.py (<class 'django.template.exceptions.TemplateSyntaxError'>, TemplateSyntaxError("Could not parse the remainder: '{' from '{'"), <traceback object at 0x000002311DF55EC0>)
Traceback (most recent call last):
  File "C:\Python38\lib\site-packages\django\core\handlers\exception.py", line 47, in inner
    response = get_response(request)
  File "C:\Python38\lib\site-packages\django\utils\deprecation.py", line 116, in __call__
    response = self.process_response(request, response)
  File "C:\Python38\lib\site-packages\django\contrib\flatpages\middleware.py", line 12, in process_response
    return flatpage(request, request.path_info)
  File "C:\Python38\lib\site-packages\django\contrib\flatpages\views.py", line 45, in flatpage
    return render_flatpage(request, f)
  File "C:\Python38\lib\site-packages\django\utils\decorators.py", line 130, in _wrapped_view
    response = view_func(request, *args, **kwargs)
  File "C:\Python38\lib\site-packages\django\contrib\flatpages\views.py", line 69, in render_flatpage
    return HttpResponse(template.render({'flatpage': f}, request))
  File "C:\Python38\lib\site-packages\django\template\backends\django.py", line 61, in render
    return self.template.render(context)
  File "C:\Python38\lib\site-packages\django\template\base.py", line 170, in render
    return self._render(context)
  File "C:\Python38\lib\site-packages\django\template\base.py", line 162, in _render
    return self.nodelist.render(context)
  File "C:\Python38\lib\site-packages\django\template\base.py", line 938, in render
    bit = node.render_annotated(context)
  File "C:\Python38\lib\site-packages\django\template\base.py", line 905, in render_annotated
    return self.render(context)
  File "C:\Python38\lib\site-packages\django\template\loader_tags.py", line 127, in render
    compiled_parent = self.get_parent(context)
  File "C:\Python38\lib\site-packages\django\template\loader_tags.py", line 124, in get_parent
    return self.find_template(parent, context)
  File "C:\Python38\lib\site-packages\django\template\loader_tags.py", line 103, in find_template
    template, origin = context.template.engine.find_template(
  File "C:\Python38\lib\site-packages\django\template\engine.py", line 125, in find_template
    template = loader.get_template(name, skip=skip)
  File "C:\Python38\lib\site-packages\django\template\loaders\base.py", line 29, in get_template
    return Template(
  File "C:\Python38\lib\site-packages\django\template\base.py", line 155, in __init__
    self.nodelist = self.compile_nodelist()
  File "C:\Python38\lib\site-packages\django\template\base.py", line 193, in compile_nodelist
    return parser.parse()
  File "C:\Python38\lib\site-packages\django\template\base.py", line 478, in parse
    raise self.error(token, e)
  File "C:\Python38\lib\site-packages\django\template\base.py", line 476, in parse
    compiled_result = compile_func(self, token)
  File "C:\Python38\lib\site-packages\django\template\loader_tags.py", line 213, in do_block
    nodelist = parser.parse(('endblock',))
  File "C:\Python38\lib\site-packages\django\template\base.py", line 478, in parse
    raise self.error(token, e)
  File "C:\Python38\lib\site-packages\django\template\base.py", line 476, in parse
    compiled_result = compile_func(self, token)
  File "C:\Python38\lib\site-packages\django\templatetags\i18n.py", line 363, in do_translate
    message_string = parser.compile_filter(bits[1])
  File "C:\Python38\lib\site-packages\django\template\base.py", line 563, in compile_filter
    return FilterExpression(token, self)
  File "C:\Python38\lib\site-packages\django\template\base.py", line 662, in __init__
    raise TemplateSyntaxError("Could not parse the remainder: '%s' "
django.template.exceptions.TemplateSyntaxError: Could not parse the remainder: '{' from '{'
2021-09-28 11:46:40,545 ERROR "GET /contact/ HTTP/1.1" 500 196856 C:\Python38\lib\site-packages\django\core\servers\basehttp.py None
2021-09-28 15:42:20,605 ERROR Internal Server Error: /contact/ C:\Python38\lib\site-packages\django\utils\log.py (<class 'django.template.exceptions.TemplateSyntaxError'>, TemplateSyntaxError("Could not parse the remainder: '{' from '{'"), <traceback object at 0x000002311DD7A280>)
Traceback (most recent call last):
  File "C:\Python38\lib\site-packages\django\core\handlers\exception.py", line 47, in inner
    response = get_response(request)
  File "C:\Python38\lib\site-packages\django\utils\deprecation.py", line 116, in __call__
    response = self.process_response(request, response)
  File "C:\Python38\lib\site-packages\django\contrib\flatpages\middleware.py", line 12, in process_response
    return flatpage(request, request.path_info)
  File "C:\Python38\lib\site-packages\django\contrib\flatpages\views.py", line 45, in flatpage
    return render_flatpage(request, f)
  File "C:\Python38\lib\site-packages\django\utils\decorators.py", line 130, in _wrapped_view
    response = view_func(request, *args, **kwargs)
  File "C:\Python38\lib\site-packages\django\contrib\flatpages\views.py", line 69, in render_flatpage
    return HttpResponse(template.render({'flatpage': f}, request))
  File "C:\Python38\lib\site-packages\django\template\backends\django.py", line 61, in render
    return self.template.render(context)
  File "C:\Python38\lib\site-packages\django\template\base.py", line 170, in render
    return self._render(context)
  File "C:\Python38\lib\site-packages\django\template\base.py", line 162, in _render
    return self.nodelist.render(context)
  File "C:\Python38\lib\site-packages\django\template\base.py", line 938, in render
    bit = node.render_annotated(context)
  File "C:\Python38\lib\site-packages\django\template\base.py", line 905, in render_annotated
    return self.render(context)
  File "C:\Python38\lib\site-packages\django\template\loader_tags.py", line 127, in render
    compiled_parent = self.get_parent(context)
  File "C:\Python38\lib\site-packages\django\template\loader_tags.py", line 124, in get_parent
    return self.find_template(parent, context)
  File "C:\Python38\lib\site-packages\django\template\loader_tags.py", line 103, in find_template
    template, origin = context.template.engine.find_template(
  File "C:\Python38\lib\site-packages\django\template\engine.py", line 125, in find_template
    template = loader.get_template(name, skip=skip)
  File "C:\Python38\lib\site-packages\django\template\loaders\base.py", line 29, in get_template
    return Template(
  File "C:\Python38\lib\site-packages\django\template\base.py", line 155, in __init__
    self.nodelist = self.compile_nodelist()
  File "C:\Python38\lib\site-packages\django\template\base.py", line 193, in compile_nodelist
    return parser.parse()
  File "C:\Python38\lib\site-packages\django\template\base.py", line 478, in parse
    raise self.error(token, e)
  File "C:\Python38\lib\site-packages\django\template\base.py", line 476, in parse
    compiled_result = compile_func(self, token)
  File "C:\Python38\lib\site-packages\django\template\loader_tags.py", line 213, in do_block
    nodelist = parser.parse(('endblock',))
  File "C:\Python38\lib\site-packages\django\template\base.py", line 478, in parse
    raise self.error(token, e)
  File "C:\Python38\lib\site-packages\django\template\base.py", line 476, in parse
    compiled_result = compile_func(self, token)
  File "C:\Python38\lib\site-packages\django\templatetags\i18n.py", line 363, in do_translate
    message_string = parser.compile_filter(bits[1])
  File "C:\Python38\lib\site-packages\django\template\base.py", line 563, in compile_filter
    return FilterExpression(token, self)
  File "C:\Python38\lib\site-packages\django\template\base.py", line 662, in __init__
    raise TemplateSyntaxError("Could not parse the remainder: '%s' "
django.template.exceptions.TemplateSyntaxError: Could not parse the remainder: '{' from '{'
2021-09-28 15:42:20,611 ERROR "GET /contact/ HTTP/1.1" 500 196856 C:\Python38\lib\site-packages\django\core\servers\basehttp.py None
2021-09-28 15:42:44,598 ERROR Internal Server Error: /contact/ C:\Python38\lib\site-packages\django\utils\log.py (<class 'django.template.exceptions.TemplateSyntaxError'>, TemplateSyntaxError("Could not parse the remainder: '{{' from '{{'"), <traceback object at 0x000002311DD5E280>)
Traceback (most recent call last):
  File "C:\Python38\lib\site-packages\django\core\handlers\exception.py", line 47, in inner
    response = get_response(request)
  File "C:\Python38\lib\site-packages\django\utils\deprecation.py", line 116, in __call__
    response = self.process_response(request, response)
  File "C:\Python38\lib\site-packages\django\contrib\flatpages\middleware.py", line 12, in process_response
    return flatpage(request, request.path_info)
  File "C:\Python38\lib\site-packages\django\contrib\flatpages\views.py", line 45, in flatpage
    return render_flatpage(request, f)
  File "C:\Python38\lib\site-packages\django\utils\decorators.py", line 130, in _wrapped_view
    response = view_func(request, *args, **kwargs)
  File "C:\Python38\lib\site-packages\django\contrib\flatpages\views.py", line 69, in render_flatpage
    return HttpResponse(template.render({'flatpage': f}, request))
  File "C:\Python38\lib\site-packages\django\template\backends\django.py", line 61, in render
    return self.template.render(context)
  File "C:\Python38\lib\site-packages\django\template\base.py", line 170, in render
    return self._render(context)
  File "C:\Python38\lib\site-packages\django\template\base.py", line 162, in _render
    return self.nodelist.render(context)
  File "C:\Python38\lib\site-packages\django\template\base.py", line 938, in render
    bit = node.render_annotated(context)
  File "C:\Python38\lib\site-packages\django\template\base.py", line 905, in render_annotated
    return self.render(context)
  File "C:\Python38\lib\site-packages\django\template\loader_tags.py", line 127, in render
    compiled_parent = self.get_parent(context)
  File "C:\Python38\lib\site-packages\django\template\loader_tags.py", line 124, in get_parent
    return self.find_template(parent, context)
  File "C:\Python38\lib\site-packages\django\template\loader_tags.py", line 103, in find_template
    template, origin = context.template.engine.find_template(
  File "C:\Python38\lib\site-packages\django\template\engine.py", line 125, in find_template
    template = loader.get_template(name, skip=skip)
  File "C:\Python38\lib\site-packages\django\template\loaders\base.py", line 29, in get_template
    return Template(
  File "C:\Python38\lib\site-packages\django\template\base.py", line 155, in __init__
    self.nodelist = self.compile_nodelist()
  File "C:\Python38\lib\site-packages\django\template\base.py", line 193, in compile_nodelist
    return parser.parse()
  File "C:\Python38\lib\site-packages\django\template\base.py", line 478, in parse
    raise self.error(token, e)
  File "C:\Python38\lib\site-packages\django\template\base.py", line 476, in parse
    compiled_result = compile_func(self, token)
  File "C:\Python38\lib\site-packages\django\template\loader_tags.py", line 213, in do_block
    nodelist = parser.parse(('endblock',))
  File "C:\Python38\lib\site-packages\django\template\base.py", line 478, in parse
    raise self.error(token, e)
  File "C:\Python38\lib\site-packages\django\template\base.py", line 476, in parse
    compiled_result = compile_func(self, token)
  File "C:\Python38\lib\site-packages\django\templatetags\i18n.py", line 363, in do_translate
    message_string = parser.compile_filter(bits[1])
  File "C:\Python38\lib\site-packages\django\template\base.py", line 563, in compile_filter
    return FilterExpression(token, self)
  File "C:\Python38\lib\site-packages\django\template\base.py", line 662, in __init__
    raise TemplateSyntaxError("Could not parse the remainder: '%s' "
django.template.exceptions.TemplateSyntaxError: Could not parse the remainder: '{{' from '{{'
2021-09-28 15:42:44,602 ERROR "GET /contact/ HTTP/1.1" 500 196868 C:\Python38\lib\site-packages\django\core\servers\basehttp.py None
